<?xml version="1.0" encoding="UTF-8"?>
<!DOCTYPE coverage SYSTEM "http://cobertura.sourceforge.net/xml/coverage-04.dtd">
<coverage line-rate="0.18233510235027" branch-rate="0" lines-covered="481" lines-valid="2638" branches-covered="0" branches-valid="0" complexity="461" version="0.4" timestamp="1710364402">
  <sources>
    <source>/app</source>
  </sources>
  <packages>
    <package name="app/Http/Controllers/Controller.php" line-rate="0" branch-rate="0" complexity="0">
      <classes>
        <class name="App\Http\Controllers\Controller" filename="app/Http/Controllers/Controller.php" line-rate="0" branch-rate="0" complexity="0">
          <methods/>
          <lines/>
        </class>
      </classes>
    </package>
    <package name="app/Models/User.php" line-rate="0" branch-rate="0" complexity="0">
      <classes>
        <class name="App\Models\User" filename="app/Models/User.php" line-rate="0" branch-rate="0" complexity="0">
          <methods/>
          <lines/>
        </class>
      </classes>
    </package>
    <package name="app/Providers/AppServiceProvider.php" line-rate="1" branch-rate="0" complexity="2">
      <classes>
        <class name="App\Providers\AppServiceProvider" filename="app/Providers/AppServiceProvider.php" line-rate="1" branch-rate="0" complexity="2">
          <methods>
            <method name="register" signature="" line-rate="1" branch-rate="0" complexity="1">
              <lines>
                <line number="16" hits="1"/>
              </lines>
            </method>
            <method name="boot" signature="" line-rate="1" branch-rate="0" complexity="1">
              <lines>
                <line number="24" hits="1"/>
              </lines>
            </method>
          </methods>
          <lines>
            <line number="16" hits="1"/>
            <line number="24" hits="1"/>
          </lines>
        </class>
      </classes>
    </package>
    <package name="vendor/gammamatrix/playground-test/src/Feature/Http/Controllers/Resource/Playground/CreateJsonTrait.php" line-rate="0" branch-rate="0" complexity="3">
      <classes>
        <class name="Playground\Test\Feature\Http\Controllers\Resource\Playground\CreateJsonTrait" filename="vendor/gammamatrix/playground-test/src/Feature/Http/Controllers/Resource/Playground/CreateJsonTrait.php" line-rate="0" branch-rate="0" complexity="3">
          <methods>
            <method name="getGetFqdn" signature="" line-rate="0" branch-rate="0" complexity="0">
              <lines>
                <line number="26" hits="0"/>
              </lines>
            </method>
            <method name="getPackageInfo" signature="" line-rate="0" branch-rate="0" complexity="0">
              <lines>
                <line number="31" hits="0"/>
              </lines>
            </method>
            <method name="getStructureCreate" signature="" line-rate="0" branch-rate="0" complexity="0">
              <lines>
                <line number="36" hits="0"/>
              </lines>
            </method>
            <method name="test_json_guest_cannot_get_create_info" signature="" line-rate="0" branch-rate="0" complexity="1">
              <lines>
                <line number="40" hits="0"/>
                <line number="42" hits="0"/>
                <line number="43" hits="0"/>
                <line number="44" hits="0"/>
                <line number="45" hits="0"/>
                <line number="47" hits="0"/>
                <line number="50" hits="0"/>
              </lines>
            </method>
            <method name="test_json_admin_can_get_create_info" signature="" line-rate="0" branch-rate="0" complexity="1">
              <lines>
                <line number="55" hits="0"/>
                <line number="57" hits="0"/>
                <line number="59" hits="0"/>
                <line number="60" hits="0"/>
                <line number="61" hits="0"/>
                <line number="62" hits="0"/>
                <line number="64" hits="0"/>
                <line number="66" hits="0"/>
                <line number="68" hits="0"/>
                <line number="70" hits="0"/>
              </lines>
            </method>
            <method name="test_json_get_create_info_as_admin_with_invalid_parameter_and_fail_validation" signature="" line-rate="0" branch-rate="0" complexity="1">
              <lines>
                <line number="75" hits="0"/>
                <line number="77" hits="0"/>
                <line number="79" hits="0"/>
                <line number="80" hits="0"/>
                <line number="81" hits="0"/>
                <line number="82" hits="0"/>
                <line number="84" hits="0"/>
                <line number="85" hits="0"/>
                <line number="86" hits="0"/>
                <line number="87" hits="0"/>
                <line number="88" hits="0"/>
                <line number="89" hits="0"/>
                <line number="91" hits="0"/>
                <line number="93" hits="0"/>
                <line number="95" hits="0"/>
                <line number="96" hits="0"/>
                <line number="97" hits="0"/>
                <line number="99" hits="0"/>
              </lines>
            </method>
          </methods>
          <lines>
            <line number="26" hits="0"/>
            <line number="31" hits="0"/>
            <line number="36" hits="0"/>
            <line number="40" hits="0"/>
            <line number="42" hits="0"/>
            <line number="43" hits="0"/>
            <line number="44" hits="0"/>
            <line number="45" hits="0"/>
            <line number="47" hits="0"/>
            <line number="50" hits="0"/>
            <line number="55" hits="0"/>
            <line number="57" hits="0"/>
            <line number="59" hits="0"/>
            <line number="60" hits="0"/>
            <line number="61" hits="0"/>
            <line number="62" hits="0"/>
            <line number="64" hits="0"/>
            <line number="66" hits="0"/>
            <line number="68" hits="0"/>
            <line number="70" hits="0"/>
            <line number="75" hits="0"/>
            <line number="77" hits="0"/>
            <line number="79" hits="0"/>
            <line number="80" hits="0"/>
            <line number="81" hits="0"/>
            <line number="82" hits="0"/>
            <line number="84" hits="0"/>
            <line number="85" hits="0"/>
            <line number="86" hits="0"/>
            <line number="87" hits="0"/>
            <line number="88" hits="0"/>
            <line number="89" hits="0"/>
            <line number="91" hits="0"/>
            <line number="93" hits="0"/>
            <line number="95" hits="0"/>
            <line number="96" hits="0"/>
            <line number="97" hits="0"/>
            <line number="99" hits="0"/>
          </lines>
        </class>
      </classes>
    </package>
    <package name="vendor/gammamatrix/playground-test/src/Feature/Http/Controllers/Resource/Playground/CreateTrait.php" line-rate="0" branch-rate="0" complexity="4">
      <classes>
        <class name="Playground\Test\Feature\Http\Controllers\Resource\Playground\CreateTrait" filename="vendor/gammamatrix/playground-test/src/Feature/Http/Controllers/Resource/Playground/CreateTrait.php" line-rate="0" branch-rate="0" complexity="4">
          <methods>
            <method name="getGetFqdn" signature="" line-rate="0" branch-rate="0" complexity="0">
              <lines>
                <line number="26" hits="0"/>
              </lines>
            </method>
            <method name="getPackageInfo" signature="" line-rate="0" branch-rate="0" complexity="0">
              <lines>
                <line number="31" hits="0"/>
              </lines>
            </method>
            <method name="test_guest_cannot_render_create_view" signature="" line-rate="0" branch-rate="0" complexity="1">
              <lines>
                <line number="35" hits="0"/>
                <line number="37" hits="0"/>
                <line number="38" hits="0"/>
                <line number="39" hits="0"/>
                <line number="40" hits="0"/>
                <line number="42" hits="0"/>
                <line number="44" hits="0"/>
              </lines>
            </method>
            <method name="test_admin_can_render_create_view" signature="" line-rate="0" branch-rate="0" complexity="1">
              <lines>
                <line number="49" hits="0"/>
                <line number="51" hits="0"/>
                <line number="53" hits="0"/>
                <line number="54" hits="0"/>
                <line number="55" hits="0"/>
                <line number="56" hits="0"/>
                <line number="58" hits="0"/>
                <line number="60" hits="0"/>
                <line number="62" hits="0"/>
              </lines>
            </method>
            <method name="test_admin_can_render_create_view_with_return_url" signature="" line-rate="0" branch-rate="0" complexity="1">
              <lines>
                <line number="67" hits="0"/>
                <line number="69" hits="0"/>
                <line number="71" hits="0"/>
                <line number="73" hits="0"/>
                <line number="74" hits="0"/>
                <line number="75" hits="0"/>
                <line number="76" hits="0"/>
                <line number="77" hits="0"/>
                <line number="78" hits="0"/>
                <line number="80" hits="0"/>
                <line number="82" hits="0"/>
                <line number="84" hits="0"/>
                <line number="86" hits="0"/>
                <line number="87" hits="0"/>
                <line number="88" hits="0"/>
                <line number="89" hits="0"/>
              </lines>
            </method>
            <method name="test_create_view_as_admin_with_invalid_parameter_and_fail_validation_and_redirect" signature="" line-rate="0" branch-rate="0" complexity="1">
              <lines>
                <line number="94" hits="0"/>
                <line number="96" hits="0"/>
                <line number="98" hits="0"/>
                <line number="99" hits="0"/>
                <line number="100" hits="0"/>
                <line number="101" hits="0"/>
                <line number="103" hits="0"/>
                <line number="104" hits="0"/>
                <line number="105" hits="0"/>
                <line number="106" hits="0"/>
                <line number="107" hits="0"/>
                <line number="108" hits="0"/>
                <line number="113" hits="0"/>
                <line number="116" hits="0"/>
                <line number="117" hits="0"/>
                <line number="118" hits="0"/>
                <line number="120" hits="0"/>
              </lines>
            </method>
          </methods>
          <lines>
            <line number="26" hits="0"/>
            <line number="31" hits="0"/>
            <line number="35" hits="0"/>
            <line number="37" hits="0"/>
            <line number="38" hits="0"/>
            <line number="39" hits="0"/>
            <line number="40" hits="0"/>
            <line number="42" hits="0"/>
            <line number="44" hits="0"/>
            <line number="49" hits="0"/>
            <line number="51" hits="0"/>
            <line number="53" hits="0"/>
            <line number="54" hits="0"/>
            <line number="55" hits="0"/>
            <line number="56" hits="0"/>
            <line number="58" hits="0"/>
            <line number="60" hits="0"/>
            <line number="62" hits="0"/>
            <line number="67" hits="0"/>
            <line number="69" hits="0"/>
            <line number="71" hits="0"/>
            <line number="73" hits="0"/>
            <line number="74" hits="0"/>
            <line number="75" hits="0"/>
            <line number="76" hits="0"/>
            <line number="77" hits="0"/>
            <line number="78" hits="0"/>
            <line number="80" hits="0"/>
            <line number="82" hits="0"/>
            <line number="84" hits="0"/>
            <line number="86" hits="0"/>
            <line number="87" hits="0"/>
            <line number="88" hits="0"/>
            <line number="89" hits="0"/>
            <line number="94" hits="0"/>
            <line number="96" hits="0"/>
            <line number="98" hits="0"/>
            <line number="99" hits="0"/>
            <line number="100" hits="0"/>
            <line number="101" hits="0"/>
            <line number="103" hits="0"/>
            <line number="104" hits="0"/>
            <line number="105" hits="0"/>
            <line number="106" hits="0"/>
            <line number="107" hits="0"/>
            <line number="108" hits="0"/>
            <line number="113" hits="0"/>
            <line number="116" hits="0"/>
            <line number="117" hits="0"/>
            <line number="118" hits="0"/>
            <line number="120" hits="0"/>
          </lines>
        </class>
      </classes>
    </package>
    <package name="vendor/gammamatrix/playground-test/src/Feature/Http/Controllers/Resource/Playground/DestroyJsonTrait.php" line-rate="0" branch-rate="0" complexity="6">
      <classes>
        <class name="Playground\Test\Feature\Http\Controllers\Resource\Playground\DestroyJsonTrait" filename="vendor/gammamatrix/playground-test/src/Feature/Http/Controllers/Resource/Playground/DestroyJsonTrait.php" line-rate="0" branch-rate="0" complexity="6">
          <methods>
            <method name="getGetFqdn" signature="" line-rate="0" branch-rate="0" complexity="0">
              <lines>
                <line number="24" hits="0"/>
              </lines>
            </method>
            <method name="getPackageInfo" signature="" line-rate="0" branch-rate="0" complexity="0">
              <lines>
                <line number="29" hits="0"/>
              </lines>
            </method>
            <method name="test_json_guest_cannot_destroy" signature="" line-rate="0" branch-rate="0" complexity="1">
              <lines>
                <line number="33" hits="0"/>
                <line number="35" hits="0"/>
                <line number="37" hits="0"/>
                <line number="39" hits="0"/>
                <line number="40" hits="0"/>
                <line number="41" hits="0"/>
                <line number="42" hits="0"/>
                <line number="44" hits="0"/>
                <line number="45" hits="0"/>
                <line number="46" hits="0"/>
                <line number="47" hits="0"/>
                <line number="48" hits="0"/>
                <line number="49" hits="0"/>
                <line number="51" hits="0"/>
                <line number="53" hits="0"/>
                <line number="55" hits="0"/>
                <line number="56" hits="0"/>
                <line number="57" hits="0"/>
                <line number="58" hits="0"/>
              </lines>
            </method>
            <method name="test_json_destroy_as_admin_and_succeed" signature="" line-rate="0" branch-rate="0" complexity="1">
              <lines>
                <line number="63" hits="0"/>
                <line number="65" hits="0"/>
                <line number="67" hits="0"/>
                <line number="69" hits="0"/>
                <line number="71" hits="0"/>
                <line number="72" hits="0"/>
                <line number="73" hits="0"/>
                <line number="74" hits="0"/>
                <line number="76" hits="0"/>
                <line number="77" hits="0"/>
                <line number="78" hits="0"/>
                <line number="79" hits="0"/>
                <line number="80" hits="0"/>
                <line number="81" hits="0"/>
                <line number="83" hits="0"/>
                <line number="90" hits="0"/>
                <line number="91" hits="0"/>
                <line number="92" hits="0"/>
                <line number="93" hits="0"/>
                <line number="94" hits="0"/>
                <line number="95" hits="0"/>
                <line number="96" hits="0"/>
                <line number="97" hits="0"/>
              </lines>
            </method>
            <method name="test_json_destroy_as_admin_and_succeed_with_force_delete" signature="" line-rate="0" branch-rate="0" complexity="1">
              <lines>
                <line number="102" hits="0"/>
                <line number="104" hits="0"/>
                <line number="106" hits="0"/>
                <line number="108" hits="0"/>
                <line number="110" hits="0"/>
                <line number="111" hits="0"/>
                <line number="112" hits="0"/>
                <line number="113" hits="0"/>
                <line number="115" hits="0"/>
                <line number="116" hits="0"/>
                <line number="117" hits="0"/>
                <line number="118" hits="0"/>
                <line number="119" hits="0"/>
                <line number="120" hits="0"/>
                <line number="121" hits="0"/>
                <line number="123" hits="0"/>
                <line number="125" hits="0"/>
                <line number="126" hits="0"/>
                <line number="127" hits="0"/>
                <line number="129" hits="0"/>
              </lines>
            </method>
            <method name="test_json_destroy_as_admin_and_succeed_with_no_content" signature="" line-rate="0" branch-rate="0" complexity="1">
              <lines>
                <line number="134" hits="0"/>
                <line number="136" hits="0"/>
                <line number="138" hits="0"/>
                <line number="140" hits="0"/>
                <line number="142" hits="0"/>
                <line number="143" hits="0"/>
                <line number="144" hits="0"/>
                <line number="145" hits="0"/>
                <line number="147" hits="0"/>
                <line number="148" hits="0"/>
                <line number="149" hits="0"/>
                <line number="150" hits="0"/>
                <line number="151" hits="0"/>
                <line number="152" hits="0"/>
                <line number="154" hits="0"/>
                <line number="156" hits="0"/>
                <line number="157" hits="0"/>
                <line number="158" hits="0"/>
                <line number="159" hits="0"/>
                <line number="160" hits="0"/>
                <line number="161" hits="0"/>
                <line number="162" hits="0"/>
                <line number="164" hits="0"/>
              </lines>
            </method>
            <method name="test_json_destroy_as_admin_and_succeed_and_ignore_redirect" signature="" line-rate="0" branch-rate="0" complexity="1">
              <lines>
                <line number="169" hits="0"/>
                <line number="171" hits="0"/>
                <line number="173" hits="0"/>
                <line number="175" hits="0"/>
                <line number="177" hits="0"/>
                <line number="178" hits="0"/>
                <line number="179" hits="0"/>
                <line number="180" hits="0"/>
                <line number="182" hits="0"/>
                <line number="183" hits="0"/>
                <line number="184" hits="0"/>
                <line number="185" hits="0"/>
                <line number="186" hits="0"/>
                <line number="188" hits="0"/>
                <line number="189" hits="0"/>
                <line number="190" hits="0"/>
                <line number="191" hits="0"/>
                <line number="192" hits="0"/>
                <line number="193" hits="0"/>
                <line number="194" hits="0"/>
                <line number="196" hits="0"/>
                <line number="198" hits="0"/>
                <line number="199" hits="0"/>
                <line number="200" hits="0"/>
                <line number="201" hits="0"/>
                <line number="202" hits="0"/>
                <line number="203" hits="0"/>
                <line number="204" hits="0"/>
                <line number="206" hits="0"/>
              </lines>
            </method>
            <method name="test_json_destroy_as_user_and_get_denied_and_no_force_delete_allowed" signature="" line-rate="0" branch-rate="0" complexity="1">
              <lines>
                <line number="211" hits="0"/>
                <line number="213" hits="0"/>
                <line number="215" hits="0"/>
                <line number="217" hits="0"/>
                <line number="219" hits="0"/>
                <line number="220" hits="0"/>
                <line number="221" hits="0"/>
                <line number="222" hits="0"/>
                <line number="224" hits="0"/>
                <line number="225" hits="0"/>
                <line number="226" hits="0"/>
                <line number="227" hits="0"/>
                <line number="228" hits="0"/>
                <line number="229" hits="0"/>
                <line number="230" hits="0"/>
                <line number="232" hits="0"/>
                <line number="234" hits="0"/>
                <line number="236" hits="0"/>
                <line number="237" hits="0"/>
                <line number="238" hits="0"/>
                <line number="239" hits="0"/>
              </lines>
            </method>
          </methods>
          <lines>
            <line number="24" hits="0"/>
            <line number="29" hits="0"/>
            <line number="33" hits="0"/>
            <line number="35" hits="0"/>
            <line number="37" hits="0"/>
            <line number="39" hits="0"/>
            <line number="40" hits="0"/>
            <line number="41" hits="0"/>
            <line number="42" hits="0"/>
            <line number="44" hits="0"/>
            <line number="45" hits="0"/>
            <line number="46" hits="0"/>
            <line number="47" hits="0"/>
            <line number="48" hits="0"/>
            <line number="49" hits="0"/>
            <line number="51" hits="0"/>
            <line number="53" hits="0"/>
            <line number="55" hits="0"/>
            <line number="56" hits="0"/>
            <line number="57" hits="0"/>
            <line number="58" hits="0"/>
            <line number="63" hits="0"/>
            <line number="65" hits="0"/>
            <line number="67" hits="0"/>
            <line number="69" hits="0"/>
            <line number="71" hits="0"/>
            <line number="72" hits="0"/>
            <line number="73" hits="0"/>
            <line number="74" hits="0"/>
            <line number="76" hits="0"/>
            <line number="77" hits="0"/>
            <line number="78" hits="0"/>
            <line number="79" hits="0"/>
            <line number="80" hits="0"/>
            <line number="81" hits="0"/>
            <line number="83" hits="0"/>
            <line number="90" hits="0"/>
            <line number="91" hits="0"/>
            <line number="92" hits="0"/>
            <line number="93" hits="0"/>
            <line number="94" hits="0"/>
            <line number="95" hits="0"/>
            <line number="96" hits="0"/>
            <line number="97" hits="0"/>
            <line number="102" hits="0"/>
            <line number="104" hits="0"/>
            <line number="106" hits="0"/>
            <line number="108" hits="0"/>
            <line number="110" hits="0"/>
            <line number="111" hits="0"/>
            <line number="112" hits="0"/>
            <line number="113" hits="0"/>
            <line number="115" hits="0"/>
            <line number="116" hits="0"/>
            <line number="117" hits="0"/>
            <line number="118" hits="0"/>
            <line number="119" hits="0"/>
            <line number="120" hits="0"/>
            <line number="121" hits="0"/>
            <line number="123" hits="0"/>
            <line number="125" hits="0"/>
            <line number="126" hits="0"/>
            <line number="127" hits="0"/>
            <line number="129" hits="0"/>
            <line number="134" hits="0"/>
            <line number="136" hits="0"/>
            <line number="138" hits="0"/>
            <line number="140" hits="0"/>
            <line number="142" hits="0"/>
            <line number="143" hits="0"/>
            <line number="144" hits="0"/>
            <line number="145" hits="0"/>
            <line number="147" hits="0"/>
            <line number="148" hits="0"/>
            <line number="149" hits="0"/>
            <line number="150" hits="0"/>
            <line number="151" hits="0"/>
            <line number="152" hits="0"/>
            <line number="154" hits="0"/>
            <line number="156" hits="0"/>
            <line number="157" hits="0"/>
            <line number="158" hits="0"/>
            <line number="159" hits="0"/>
            <line number="160" hits="0"/>
            <line number="161" hits="0"/>
            <line number="162" hits="0"/>
            <line number="164" hits="0"/>
            <line number="169" hits="0"/>
            <line number="171" hits="0"/>
            <line number="173" hits="0"/>
            <line number="175" hits="0"/>
            <line number="177" hits="0"/>
            <line number="178" hits="0"/>
            <line number="179" hits="0"/>
            <line number="180" hits="0"/>
            <line number="182" hits="0"/>
            <line number="183" hits="0"/>
            <line number="184" hits="0"/>
            <line number="185" hits="0"/>
            <line number="186" hits="0"/>
            <line number="188" hits="0"/>
            <line number="189" hits="0"/>
            <line number="190" hits="0"/>
            <line number="191" hits="0"/>
            <line number="192" hits="0"/>
            <line number="193" hits="0"/>
            <line number="194" hits="0"/>
            <line number="196" hits="0"/>
            <line number="198" hits="0"/>
            <line number="199" hits="0"/>
            <line number="200" hits="0"/>
            <line number="201" hits="0"/>
            <line number="202" hits="0"/>
            <line number="203" hits="0"/>
            <line number="204" hits="0"/>
            <line number="206" hits="0"/>
            <line number="211" hits="0"/>
            <line number="213" hits="0"/>
            <line number="215" hits="0"/>
            <line number="217" hits="0"/>
            <line number="219" hits="0"/>
            <line number="220" hits="0"/>
            <line number="221" hits="0"/>
            <line number="222" hits="0"/>
            <line number="224" hits="0"/>
            <line number="225" hits="0"/>
            <line number="226" hits="0"/>
            <line number="227" hits="0"/>
            <line number="228" hits="0"/>
            <line number="229" hits="0"/>
            <line number="230" hits="0"/>
            <line number="232" hits="0"/>
            <line number="234" hits="0"/>
            <line number="236" hits="0"/>
            <line number="237" hits="0"/>
            <line number="238" hits="0"/>
            <line number="239" hits="0"/>
          </lines>
        </class>
      </classes>
    </package>
    <package name="vendor/gammamatrix/playground-test/src/Feature/Http/Controllers/Resource/Playground/DestroyTrait.php" line-rate="0" branch-rate="0" complexity="5">
      <classes>
        <class name="Playground\Test\Feature\Http\Controllers\Resource\Playground\DestroyTrait" filename="vendor/gammamatrix/playground-test/src/Feature/Http/Controllers/Resource/Playground/DestroyTrait.php" line-rate="0" branch-rate="0" complexity="5">
          <methods>
            <method name="getGetFqdn" signature="" line-rate="0" branch-rate="0" complexity="0">
              <lines>
                <line number="24" hits="0"/>
              </lines>
            </method>
            <method name="getPackageInfo" signature="" line-rate="0" branch-rate="0" complexity="0">
              <lines>
                <line number="29" hits="0"/>
              </lines>
            </method>
            <method name="test_guest_cannot_destroy" signature="" line-rate="0" branch-rate="0" complexity="1">
              <lines>
                <line number="33" hits="0"/>
                <line number="35" hits="0"/>
                <line number="37" hits="0"/>
                <line number="39" hits="0"/>
                <line number="40" hits="0"/>
                <line number="41" hits="0"/>
                <line number="42" hits="0"/>
                <line number="44" hits="0"/>
                <line number="45" hits="0"/>
                <line number="46" hits="0"/>
                <line number="47" hits="0"/>
                <line number="48" hits="0"/>
                <line number="49" hits="0"/>
                <line number="51" hits="0"/>
                <line number="53" hits="0"/>
                <line number="55" hits="0"/>
                <line number="56" hits="0"/>
                <line number="57" hits="0"/>
                <line number="58" hits="0"/>
              </lines>
            </method>
            <method name="test_destroy_as_admin_and_succeed" signature="" line-rate="0" branch-rate="0" complexity="1">
              <lines>
                <line number="63" hits="0"/>
                <line number="65" hits="0"/>
                <line number="67" hits="0"/>
                <line number="69" hits="0"/>
                <line number="71" hits="0"/>
                <line number="72" hits="0"/>
                <line number="73" hits="0"/>
                <line number="74" hits="0"/>
                <line number="76" hits="0"/>
                <line number="77" hits="0"/>
                <line number="78" hits="0"/>
                <line number="79" hits="0"/>
                <line number="80" hits="0"/>
                <line number="81" hits="0"/>
                <line number="83" hits="0"/>
                <line number="85" hits="0"/>
                <line number="86" hits="0"/>
                <line number="87" hits="0"/>
                <line number="89" hits="0"/>
                <line number="90" hits="0"/>
                <line number="91" hits="0"/>
                <line number="92" hits="0"/>
                <line number="94" hits="0"/>
              </lines>
            </method>
            <method name="test_destroy_as_admin_and_succeed_with_force_delete" signature="" line-rate="0" branch-rate="0" complexity="1">
              <lines>
                <line number="99" hits="0"/>
                <line number="101" hits="0"/>
                <line number="103" hits="0"/>
                <line number="105" hits="0"/>
                <line number="107" hits="0"/>
                <line number="108" hits="0"/>
                <line number="109" hits="0"/>
                <line number="110" hits="0"/>
                <line number="112" hits="0"/>
                <line number="113" hits="0"/>
                <line number="114" hits="0"/>
                <line number="115" hits="0"/>
                <line number="116" hits="0"/>
                <line number="117" hits="0"/>
                <line number="118" hits="0"/>
                <line number="120" hits="0"/>
                <line number="122" hits="0"/>
                <line number="123" hits="0"/>
                <line number="124" hits="0"/>
                <line number="126" hits="0"/>
              </lines>
            </method>
            <method name="test_destroy_as_admin_and_succeed_with_redirect_to_index_with_trash" signature="" line-rate="0" branch-rate="0" complexity="1">
              <lines>
                <line number="131" hits="0"/>
                <line number="133" hits="0"/>
                <line number="135" hits="0"/>
                <line number="137" hits="0"/>
                <line number="139" hits="0"/>
                <line number="140" hits="0"/>
                <line number="141" hits="0"/>
                <line number="142" hits="0"/>
                <line number="144" hits="0"/>
                <line number="145" hits="0"/>
                <line number="146" hits="0"/>
                <line number="147" hits="0"/>
                <line number="148" hits="0"/>
                <line number="150" hits="0"/>
                <line number="151" hits="0"/>
                <line number="152" hits="0"/>
                <line number="153" hits="0"/>
                <line number="154" hits="0"/>
                <line number="155" hits="0"/>
                <line number="156" hits="0"/>
                <line number="158" hits="0"/>
                <line number="160" hits="0"/>
                <line number="161" hits="0"/>
                <line number="162" hits="0"/>
                <line number="163" hits="0"/>
                <line number="164" hits="0"/>
                <line number="165" hits="0"/>
                <line number="166" hits="0"/>
                <line number="168" hits="0"/>
              </lines>
            </method>
            <method name="test_destroy_as_user_and_get_denied_and_no_force_delete_allowed" signature="" line-rate="0" branch-rate="0" complexity="1">
              <lines>
                <line number="173" hits="0"/>
                <line number="175" hits="0"/>
                <line number="177" hits="0"/>
                <line number="179" hits="0"/>
                <line number="181" hits="0"/>
                <line number="182" hits="0"/>
                <line number="183" hits="0"/>
                <line number="184" hits="0"/>
                <line number="186" hits="0"/>
                <line number="187" hits="0"/>
                <line number="188" hits="0"/>
                <line number="189" hits="0"/>
                <line number="190" hits="0"/>
                <line number="191" hits="0"/>
                <line number="192" hits="0"/>
                <line number="194" hits="0"/>
                <line number="196" hits="0"/>
                <line number="198" hits="0"/>
                <line number="199" hits="0"/>
                <line number="200" hits="0"/>
                <line number="201" hits="0"/>
              </lines>
            </method>
          </methods>
          <lines>
            <line number="24" hits="0"/>
            <line number="29" hits="0"/>
            <line number="33" hits="0"/>
            <line number="35" hits="0"/>
            <line number="37" hits="0"/>
            <line number="39" hits="0"/>
            <line number="40" hits="0"/>
            <line number="41" hits="0"/>
            <line number="42" hits="0"/>
            <line number="44" hits="0"/>
            <line number="45" hits="0"/>
            <line number="46" hits="0"/>
            <line number="47" hits="0"/>
            <line number="48" hits="0"/>
            <line number="49" hits="0"/>
            <line number="51" hits="0"/>
            <line number="53" hits="0"/>
            <line number="55" hits="0"/>
            <line number="56" hits="0"/>
            <line number="57" hits="0"/>
            <line number="58" hits="0"/>
            <line number="63" hits="0"/>
            <line number="65" hits="0"/>
            <line number="67" hits="0"/>
            <line number="69" hits="0"/>
            <line number="71" hits="0"/>
            <line number="72" hits="0"/>
            <line number="73" hits="0"/>
            <line number="74" hits="0"/>
            <line number="76" hits="0"/>
            <line number="77" hits="0"/>
            <line number="78" hits="0"/>
            <line number="79" hits="0"/>
            <line number="80" hits="0"/>
            <line number="81" hits="0"/>
            <line number="83" hits="0"/>
            <line number="85" hits="0"/>
            <line number="86" hits="0"/>
            <line number="87" hits="0"/>
            <line number="89" hits="0"/>
            <line number="90" hits="0"/>
            <line number="91" hits="0"/>
            <line number="92" hits="0"/>
            <line number="94" hits="0"/>
            <line number="99" hits="0"/>
            <line number="101" hits="0"/>
            <line number="103" hits="0"/>
            <line number="105" hits="0"/>
            <line number="107" hits="0"/>
            <line number="108" hits="0"/>
            <line number="109" hits="0"/>
            <line number="110" hits="0"/>
            <line number="112" hits="0"/>
            <line number="113" hits="0"/>
            <line number="114" hits="0"/>
            <line number="115" hits="0"/>
            <line number="116" hits="0"/>
            <line number="117" hits="0"/>
            <line number="118" hits="0"/>
            <line number="120" hits="0"/>
            <line number="122" hits="0"/>
            <line number="123" hits="0"/>
            <line number="124" hits="0"/>
            <line number="126" hits="0"/>
            <line number="131" hits="0"/>
            <line number="133" hits="0"/>
            <line number="135" hits="0"/>
            <line number="137" hits="0"/>
            <line number="139" hits="0"/>
            <line number="140" hits="0"/>
            <line number="141" hits="0"/>
            <line number="142" hits="0"/>
            <line number="144" hits="0"/>
            <line number="145" hits="0"/>
            <line number="146" hits="0"/>
            <line number="147" hits="0"/>
            <line number="148" hits="0"/>
            <line number="150" hits="0"/>
            <line number="151" hits="0"/>
            <line number="152" hits="0"/>
            <line number="153" hits="0"/>
            <line number="154" hits="0"/>
            <line number="155" hits="0"/>
            <line number="156" hits="0"/>
            <line number="158" hits="0"/>
            <line number="160" hits="0"/>
            <line number="161" hits="0"/>
            <line number="162" hits="0"/>
            <line number="163" hits="0"/>
            <line number="164" hits="0"/>
            <line number="165" hits="0"/>
            <line number="166" hits="0"/>
            <line number="168" hits="0"/>
            <line number="173" hits="0"/>
            <line number="175" hits="0"/>
            <line number="177" hits="0"/>
            <line number="179" hits="0"/>
            <line number="181" hits="0"/>
            <line number="182" hits="0"/>
            <line number="183" hits="0"/>
            <line number="184" hits="0"/>
            <line number="186" hits="0"/>
            <line number="187" hits="0"/>
            <line number="188" hits="0"/>
            <line number="189" hits="0"/>
            <line number="190" hits="0"/>
            <line number="191" hits="0"/>
            <line number="192" hits="0"/>
            <line number="194" hits="0"/>
            <line number="196" hits="0"/>
            <line number="198" hits="0"/>
            <line number="199" hits="0"/>
            <line number="200" hits="0"/>
            <line number="201" hits="0"/>
          </lines>
        </class>
      </classes>
    </package>
    <package name="vendor/gammamatrix/playground-test/src/Feature/Http/Controllers/Resource/Playground/EditJsonTrait.php" line-rate="0" branch-rate="0" complexity="3">
      <classes>
        <class name="Playground\Test\Feature\Http\Controllers\Resource\Playground\EditJsonTrait" filename="vendor/gammamatrix/playground-test/src/Feature/Http/Controllers/Resource/Playground/EditJsonTrait.php" line-rate="0" branch-rate="0" complexity="3">
          <methods>
            <method name="getGetFqdn" signature="" line-rate="0" branch-rate="0" complexity="0">
              <lines>
                <line number="26" hits="0"/>
              </lines>
            </method>
            <method name="getPackageInfo" signature="" line-rate="0" branch-rate="0" complexity="0">
              <lines>
                <line number="31" hits="0"/>
              </lines>
            </method>
            <method name="getStructureEdit" signature="" line-rate="0" branch-rate="0" complexity="0">
              <lines>
                <line number="36" hits="0"/>
              </lines>
            </method>
            <method name="test_json_guest_cannot_get_edit_info" signature="" line-rate="0" branch-rate="0" complexity="1">
              <lines>
                <line number="40" hits="0"/>
                <line number="42" hits="0"/>
                <line number="44" hits="0"/>
                <line number="46" hits="0"/>
                <line number="47" hits="0"/>
                <line number="48" hits="0"/>
                <line number="49" hits="0"/>
                <line number="50" hits="0"/>
                <line number="51" hits="0"/>
                <line number="53" hits="0"/>
                <line number="55" hits="0"/>
              </lines>
            </method>
            <method name="test_json_admin_can_get_edit_info" signature="" line-rate="0" branch-rate="0" complexity="1">
              <lines>
                <line number="60" hits="0"/>
                <line number="62" hits="0"/>
                <line number="64" hits="0"/>
                <line number="66" hits="0"/>
                <line number="68" hits="0"/>
                <line number="69" hits="0"/>
                <line number="70" hits="0"/>
                <line number="71" hits="0"/>
                <line number="72" hits="0"/>
                <line number="73" hits="0"/>
                <line number="75" hits="0"/>
                <line number="77" hits="0"/>
                <line number="80" hits="0"/>
                <line number="81" hits="0"/>
                <line number="82" hits="0"/>
                <line number="83" hits="0"/>
                <line number="84" hits="0"/>
              </lines>
            </method>
            <method name="test_json_edit_as_admin_and_fail_validation_with_invalid_parameter" signature="" line-rate="0" branch-rate="0" complexity="1">
              <lines>
                <line number="89" hits="0"/>
                <line number="91" hits="0"/>
                <line number="93" hits="0"/>
                <line number="95" hits="0"/>
                <line number="97" hits="0"/>
                <line number="98" hits="0"/>
                <line number="99" hits="0"/>
                <line number="100" hits="0"/>
                <line number="101" hits="0"/>
                <line number="102" hits="0"/>
                <line number="104" hits="0"/>
                <line number="105" hits="0"/>
                <line number="106" hits="0"/>
                <line number="107" hits="0"/>
                <line number="108" hits="0"/>
                <line number="109" hits="0"/>
                <line number="114" hits="0"/>
                <line number="116" hits="0"/>
                <line number="117" hits="0"/>
                <line number="118" hits="0"/>
                <line number="119" hits="0"/>
                <line number="121" hits="0"/>
              </lines>
            </method>
          </methods>
          <lines>
            <line number="26" hits="0"/>
            <line number="31" hits="0"/>
            <line number="36" hits="0"/>
            <line number="40" hits="0"/>
            <line number="42" hits="0"/>
            <line number="44" hits="0"/>
            <line number="46" hits="0"/>
            <line number="47" hits="0"/>
            <line number="48" hits="0"/>
            <line number="49" hits="0"/>
            <line number="50" hits="0"/>
            <line number="51" hits="0"/>
            <line number="53" hits="0"/>
            <line number="55" hits="0"/>
            <line number="60" hits="0"/>
            <line number="62" hits="0"/>
            <line number="64" hits="0"/>
            <line number="66" hits="0"/>
            <line number="68" hits="0"/>
            <line number="69" hits="0"/>
            <line number="70" hits="0"/>
            <line number="71" hits="0"/>
            <line number="72" hits="0"/>
            <line number="73" hits="0"/>
            <line number="75" hits="0"/>
            <line number="77" hits="0"/>
            <line number="80" hits="0"/>
            <line number="81" hits="0"/>
            <line number="82" hits="0"/>
            <line number="83" hits="0"/>
            <line number="84" hits="0"/>
            <line number="89" hits="0"/>
            <line number="91" hits="0"/>
            <line number="93" hits="0"/>
            <line number="95" hits="0"/>
            <line number="97" hits="0"/>
            <line number="98" hits="0"/>
            <line number="99" hits="0"/>
            <line number="100" hits="0"/>
            <line number="101" hits="0"/>
            <line number="102" hits="0"/>
            <line number="104" hits="0"/>
            <line number="105" hits="0"/>
            <line number="106" hits="0"/>
            <line number="107" hits="0"/>
            <line number="108" hits="0"/>
            <line number="109" hits="0"/>
            <line number="114" hits="0"/>
            <line number="116" hits="0"/>
            <line number="117" hits="0"/>
            <line number="118" hits="0"/>
            <line number="119" hits="0"/>
            <line number="121" hits="0"/>
          </lines>
        </class>
      </classes>
    </package>
    <package name="vendor/gammamatrix/playground-test/src/Feature/Http/Controllers/Resource/Playground/EditTrait.php" line-rate="0" branch-rate="0" complexity="4">
      <classes>
        <class name="Playground\Test\Feature\Http\Controllers\Resource\Playground\EditTrait" filename="vendor/gammamatrix/playground-test/src/Feature/Http/Controllers/Resource/Playground/EditTrait.php" line-rate="0" branch-rate="0" complexity="4">
          <methods>
            <method name="getGetFqdn" signature="" line-rate="0" branch-rate="0" complexity="0">
              <lines>
                <line number="26" hits="0"/>
              </lines>
            </method>
            <method name="getPackageInfo" signature="" line-rate="0" branch-rate="0" complexity="0">
              <lines>
                <line number="31" hits="0"/>
              </lines>
            </method>
            <method name="test_guest_cannot_render_edit_view" signature="" line-rate="0" branch-rate="0" complexity="1">
              <lines>
                <line number="35" hits="0"/>
                <line number="37" hits="0"/>
                <line number="39" hits="0"/>
                <line number="41" hits="0"/>
                <line number="42" hits="0"/>
                <line number="43" hits="0"/>
                <line number="44" hits="0"/>
                <line number="45" hits="0"/>
                <line number="46" hits="0"/>
                <line number="48" hits="0"/>
                <line number="50" hits="0"/>
              </lines>
            </method>
            <method name="test_admin_can_render_edit_view" signature="" line-rate="0" branch-rate="0" complexity="1">
              <lines>
                <line number="55" hits="0"/>
                <line number="57" hits="0"/>
                <line number="59" hits="0"/>
                <line number="61" hits="0"/>
                <line number="63" hits="0"/>
                <line number="64" hits="0"/>
                <line number="65" hits="0"/>
                <line number="66" hits="0"/>
                <line number="67" hits="0"/>
                <line number="68" hits="0"/>
                <line number="70" hits="0"/>
                <line number="72" hits="0"/>
                <line number="74" hits="0"/>
              </lines>
            </method>
            <method name="test_admin_can_render_edit_view_with_return_url" signature="" line-rate="0" branch-rate="0" complexity="1">
              <lines>
                <line number="79" hits="0"/>
                <line number="81" hits="0"/>
                <line number="83" hits="0"/>
                <line number="85" hits="0"/>
                <line number="87" hits="0"/>
                <line number="89" hits="0"/>
                <line number="90" hits="0"/>
                <line number="91" hits="0"/>
                <line number="92" hits="0"/>
                <line number="93" hits="0"/>
                <line number="94" hits="0"/>
                <line number="95" hits="0"/>
                <line number="97" hits="0"/>
                <line number="99" hits="0"/>
                <line number="101" hits="0"/>
                <line number="103" hits="0"/>
                <line number="104" hits="0"/>
                <line number="105" hits="0"/>
                <line number="106" hits="0"/>
              </lines>
            </method>
            <method name="test_edit_view_as_admin_with_invalid_parameter_and_fail_validation_and_redirect" signature="" line-rate="0" branch-rate="0" complexity="1">
              <lines>
                <line number="111" hits="0"/>
                <line number="113" hits="0"/>
                <line number="115" hits="0"/>
                <line number="117" hits="0"/>
                <line number="119" hits="0"/>
                <line number="120" hits="0"/>
                <line number="121" hits="0"/>
                <line number="122" hits="0"/>
                <line number="123" hits="0"/>
                <line number="124" hits="0"/>
                <line number="126" hits="0"/>
                <line number="127" hits="0"/>
                <line number="128" hits="0"/>
                <line number="129" hits="0"/>
                <line number="130" hits="0"/>
                <line number="131" hits="0"/>
                <line number="133" hits="0"/>
                <line number="136" hits="0"/>
                <line number="137" hits="0"/>
                <line number="138" hits="0"/>
                <line number="140" hits="0"/>
              </lines>
            </method>
          </methods>
          <lines>
            <line number="26" hits="0"/>
            <line number="31" hits="0"/>
            <line number="35" hits="0"/>
            <line number="37" hits="0"/>
            <line number="39" hits="0"/>
            <line number="41" hits="0"/>
            <line number="42" hits="0"/>
            <line number="43" hits="0"/>
            <line number="44" hits="0"/>
            <line number="45" hits="0"/>
            <line number="46" hits="0"/>
            <line number="48" hits="0"/>
            <line number="50" hits="0"/>
            <line number="55" hits="0"/>
            <line number="57" hits="0"/>
            <line number="59" hits="0"/>
            <line number="61" hits="0"/>
            <line number="63" hits="0"/>
            <line number="64" hits="0"/>
            <line number="65" hits="0"/>
            <line number="66" hits="0"/>
            <line number="67" hits="0"/>
            <line number="68" hits="0"/>
            <line number="70" hits="0"/>
            <line number="72" hits="0"/>
            <line number="74" hits="0"/>
            <line number="79" hits="0"/>
            <line number="81" hits="0"/>
            <line number="83" hits="0"/>
            <line number="85" hits="0"/>
            <line number="87" hits="0"/>
            <line number="89" hits="0"/>
            <line number="90" hits="0"/>
            <line number="91" hits="0"/>
            <line number="92" hits="0"/>
            <line number="93" hits="0"/>
            <line number="94" hits="0"/>
            <line number="95" hits="0"/>
            <line number="97" hits="0"/>
            <line number="99" hits="0"/>
            <line number="101" hits="0"/>
            <line number="103" hits="0"/>
            <line number="104" hits="0"/>
            <line number="105" hits="0"/>
            <line number="106" hits="0"/>
            <line number="111" hits="0"/>
            <line number="113" hits="0"/>
            <line number="115" hits="0"/>
            <line number="117" hits="0"/>
            <line number="119" hits="0"/>
            <line number="120" hits="0"/>
            <line number="121" hits="0"/>
            <line number="122" hits="0"/>
            <line number="123" hits="0"/>
            <line number="124" hits="0"/>
            <line number="126" hits="0"/>
            <line number="127" hits="0"/>
            <line number="128" hits="0"/>
            <line number="129" hits="0"/>
            <line number="130" hits="0"/>
            <line number="131" hits="0"/>
            <line number="133" hits="0"/>
            <line number="136" hits="0"/>
            <line number="137" hits="0"/>
            <line number="138" hits="0"/>
            <line number="140" hits="0"/>
          </lines>
        </class>
      </classes>
    </package>
    <package name="vendor/gammamatrix/playground-test/src/Feature/Http/Controllers/Resource/Playground/IndexJsonTrait.php" line-rate="0" branch-rate="0" complexity="7">
      <classes>
        <class name="Playground\Test\Feature\Http\Controllers\Resource\Playground\IndexJsonTrait" filename="vendor/gammamatrix/playground-test/src/Feature/Http/Controllers/Resource/Playground/IndexJsonTrait.php" line-rate="0" branch-rate="0" complexity="7">
          <methods>
            <method name="getGetFqdn" signature="" line-rate="0" branch-rate="0" complexity="0">
              <lines>
                <line number="22" hits="0"/>
              </lines>
            </method>
            <method name="getPackageInfo" signature="" line-rate="0" branch-rate="0" complexity="0">
              <lines>
                <line number="27" hits="0"/>
              </lines>
            </method>
            <method name="getStructureIndex" signature="" line-rate="0" branch-rate="0" complexity="0">
              <lines>
                <line number="32" hits="0"/>
              </lines>
            </method>
            <method name="test_json_guest_cannot_get_index" signature="" line-rate="0" branch-rate="0" complexity="1">
              <lines>
                <line number="36" hits="0"/>
                <line number="38" hits="0"/>
                <line number="40" hits="0"/>
                <line number="42" hits="0"/>
                <line number="44" hits="0"/>
                <line number="46" hits="0"/>
              </lines>
            </method>
            <method name="test_json_admin_can_get_index" signature="" line-rate="0" branch-rate="0" complexity="1">
              <lines>
                <line number="51" hits="0"/>
                <line number="53" hits="0"/>
                <line number="55" hits="0"/>
                <line number="57" hits="0"/>
                <line number="59" hits="0"/>
                <line number="61" hits="0"/>
                <line number="63" hits="0"/>
                <line number="66" hits="0"/>
                <line number="68" hits="0"/>
              </lines>
            </method>
            <method name="test_json_admin_can_get_index_with_filters" signature="" line-rate="0" branch-rate="0" complexity="5">
              <lines>
                <line number="87" hits="0"/>
                <line number="89" hits="0"/>
                <line number="91" hits="0"/>
                <line number="92" hits="0"/>
                <line number="93" hits="0"/>
                <line number="94" hits="0"/>
                <line number="96" hits="0"/>
                <line number="98" hits="0"/>
                <line number="99" hits="0"/>
                <line number="101" hits="0"/>
                <line number="102" hits="0"/>
                <line number="104" hits="0"/>
                <line number="109" hits="0"/>
                <line number="110" hits="0"/>
                <line number="111" hits="0"/>
                <line number="119" hits="0"/>
                <line number="123" hits="0"/>
                <line number="125" hits="0"/>
                <line number="128" hits="0"/>
                <line number="129" hits="0"/>
              </lines>
            </method>
          </methods>
          <lines>
            <line number="22" hits="0"/>
            <line number="27" hits="0"/>
            <line number="32" hits="0"/>
            <line number="36" hits="0"/>
            <line number="38" hits="0"/>
            <line number="40" hits="0"/>
            <line number="42" hits="0"/>
            <line number="44" hits="0"/>
            <line number="46" hits="0"/>
            <line number="51" hits="0"/>
            <line number="53" hits="0"/>
            <line number="55" hits="0"/>
            <line number="57" hits="0"/>
            <line number="59" hits="0"/>
            <line number="61" hits="0"/>
            <line number="63" hits="0"/>
            <line number="66" hits="0"/>
            <line number="68" hits="0"/>
            <line number="87" hits="0"/>
            <line number="89" hits="0"/>
            <line number="91" hits="0"/>
            <line number="92" hits="0"/>
            <line number="93" hits="0"/>
            <line number="94" hits="0"/>
            <line number="96" hits="0"/>
            <line number="98" hits="0"/>
            <line number="99" hits="0"/>
            <line number="101" hits="0"/>
            <line number="102" hits="0"/>
            <line number="104" hits="0"/>
            <line number="109" hits="0"/>
            <line number="110" hits="0"/>
            <line number="111" hits="0"/>
            <line number="119" hits="0"/>
            <line number="123" hits="0"/>
            <line number="125" hits="0"/>
            <line number="128" hits="0"/>
            <line number="129" hits="0"/>
          </lines>
        </class>
      </classes>
    </package>
    <package name="vendor/gammamatrix/playground-test/src/Feature/Http/Controllers/Resource/Playground/IndexTrait.php" line-rate="0" branch-rate="0" complexity="7">
      <classes>
        <class name="Playground\Test\Feature\Http\Controllers\Resource\Playground\IndexTrait" filename="vendor/gammamatrix/playground-test/src/Feature/Http/Controllers/Resource/Playground/IndexTrait.php" line-rate="0" branch-rate="0" complexity="7">
          <methods>
            <method name="getGetFqdn" signature="" line-rate="0" branch-rate="0" complexity="0">
              <lines>
                <line number="22" hits="0"/>
              </lines>
            </method>
            <method name="getPackageInfo" signature="" line-rate="0" branch-rate="0" complexity="0">
              <lines>
                <line number="27" hits="0"/>
              </lines>
            </method>
            <method name="test_guest_cannot_render_index_view" signature="" line-rate="0" branch-rate="0" complexity="1">
              <lines>
                <line number="31" hits="0"/>
                <line number="33" hits="0"/>
                <line number="35" hits="0"/>
                <line number="37" hits="0"/>
                <line number="39" hits="0"/>
                <line number="41" hits="0"/>
              </lines>
            </method>
            <method name="test_admin_can_render_index_view" signature="" line-rate="0" branch-rate="0" complexity="1">
              <lines>
                <line number="46" hits="0"/>
                <line number="48" hits="0"/>
                <line number="50" hits="0"/>
                <line number="52" hits="0"/>
                <line number="54" hits="0"/>
                <line number="56" hits="0"/>
                <line number="58" hits="0"/>
                <line number="60" hits="0"/>
              </lines>
            </method>
            <method name="test_admin_can_render_index_view_with_filters" signature="" line-rate="0" branch-rate="0" complexity="5">
              <lines>
                <line number="79" hits="0"/>
                <line number="81" hits="0"/>
                <line number="83" hits="0"/>
                <line number="84" hits="0"/>
                <line number="85" hits="0"/>
                <line number="86" hits="0"/>
                <line number="88" hits="0"/>
                <line number="90" hits="0"/>
                <line number="91" hits="0"/>
                <line number="93" hits="0"/>
                <line number="94" hits="0"/>
                <line number="96" hits="0"/>
                <line number="101" hits="0"/>
                <line number="102" hits="0"/>
                <line number="103" hits="0"/>
                <line number="105" hits="0"/>
                <line number="107" hits="0"/>
                <line number="110" hits="0"/>
                <line number="113" hits="0"/>
                <line number="114" hits="0"/>
              </lines>
            </method>
          </methods>
          <lines>
            <line number="22" hits="0"/>
            <line number="27" hits="0"/>
            <line number="31" hits="0"/>
            <line number="33" hits="0"/>
            <line number="35" hits="0"/>
            <line number="37" hits="0"/>
            <line number="39" hits="0"/>
            <line number="41" hits="0"/>
            <line number="46" hits="0"/>
            <line number="48" hits="0"/>
            <line number="50" hits="0"/>
            <line number="52" hits="0"/>
            <line number="54" hits="0"/>
            <line number="56" hits="0"/>
            <line number="58" hits="0"/>
            <line number="60" hits="0"/>
            <line number="79" hits="0"/>
            <line number="81" hits="0"/>
            <line number="83" hits="0"/>
            <line number="84" hits="0"/>
            <line number="85" hits="0"/>
            <line number="86" hits="0"/>
            <line number="88" hits="0"/>
            <line number="90" hits="0"/>
            <line number="91" hits="0"/>
            <line number="93" hits="0"/>
            <line number="94" hits="0"/>
            <line number="96" hits="0"/>
            <line number="101" hits="0"/>
            <line number="102" hits="0"/>
            <line number="103" hits="0"/>
            <line number="105" hits="0"/>
            <line number="107" hits="0"/>
            <line number="110" hits="0"/>
            <line number="113" hits="0"/>
            <line number="114" hits="0"/>
          </lines>
        </class>
      </classes>
    </package>
    <package name="vendor/gammamatrix/playground-test/src/Feature/Http/Controllers/Resource/Playground/LockJsonTrait.php" line-rate="0" branch-rate="0" complexity="4">
      <classes>
        <class name="Playground\Test\Feature\Http\Controllers\Resource\Playground\LockJsonTrait" filename="vendor/gammamatrix/playground-test/src/Feature/Http/Controllers/Resource/Playground/LockJsonTrait.php" line-rate="0" branch-rate="0" complexity="4">
          <methods>
            <method name="getGetFqdn" signature="" line-rate="0" branch-rate="0" complexity="0">
              <lines>
                <line number="24" hits="0"/>
              </lines>
            </method>
            <method name="getPackageInfo" signature="" line-rate="0" branch-rate="0" complexity="0">
              <lines>
                <line number="29" hits="0"/>
              </lines>
            </method>
            <method name="getStructureData" signature="" line-rate="0" branch-rate="0" complexity="0">
              <lines>
                <line number="34" hits="0"/>
              </lines>
            </method>
            <method name="test_json_guest_cannot_lock" signature="" line-rate="0" branch-rate="0" complexity="1">
              <lines>
                <line number="38" hits="0"/>
                <line number="40" hits="0"/>
                <line number="42" hits="0"/>
                <line number="44" hits="0"/>
                <line number="45" hits="0"/>
                <line number="46" hits="0"/>
                <line number="47" hits="0"/>
                <line number="49" hits="0"/>
                <line number="50" hits="0"/>
                <line number="51" hits="0"/>
                <line number="52" hits="0"/>
                <line number="53" hits="0"/>
                <line number="54" hits="0"/>
                <line number="56" hits="0"/>
                <line number="58" hits="0"/>
                <line number="60" hits="0"/>
                <line number="61" hits="0"/>
                <line number="62" hits="0"/>
                <line number="63" hits="0"/>
              </lines>
            </method>
            <method name="test_json_lock_as_admin_and_succeed" signature="" line-rate="0" branch-rate="0" complexity="1">
              <lines>
                <line number="68" hits="0"/>
                <line number="70" hits="0"/>
                <line number="72" hits="0"/>
                <line number="74" hits="0"/>
                <line number="76" hits="0"/>
                <line number="77" hits="0"/>
                <line number="78" hits="0"/>
                <line number="79" hits="0"/>
                <line number="81" hits="0"/>
                <line number="82" hits="0"/>
                <line number="83" hits="0"/>
                <line number="84" hits="0"/>
                <line number="85" hits="0"/>
                <line number="86" hits="0"/>
                <line number="88" hits="0"/>
                <line number="90" hits="0"/>
                <line number="91" hits="0"/>
                <line number="92" hits="0"/>
                <line number="93" hits="0"/>
                <line number="95" hits="0"/>
              </lines>
            </method>
            <method name="test_json_lock_as_admin_and_succeed_with_no_redirect" signature="" line-rate="0" branch-rate="0" complexity="1">
              <lines>
                <line number="100" hits="0"/>
                <line number="102" hits="0"/>
                <line number="104" hits="0"/>
                <line number="106" hits="0"/>
                <line number="108" hits="0"/>
                <line number="109" hits="0"/>
                <line number="110" hits="0"/>
                <line number="111" hits="0"/>
                <line number="114" hits="0"/>
                <line number="115" hits="0"/>
                <line number="116" hits="0"/>
                <line number="118" hits="0"/>
                <line number="119" hits="0"/>
                <line number="120" hits="0"/>
                <line number="121" hits="0"/>
                <line number="122" hits="0"/>
                <line number="123" hits="0"/>
                <line number="124" hits="0"/>
                <line number="126" hits="0"/>
                <line number="133" hits="0"/>
                <line number="134" hits="0"/>
                <line number="135" hits="0"/>
                <line number="136" hits="0"/>
                <line number="138" hits="0"/>
                <line number="140" hits="0"/>
              </lines>
            </method>
            <method name="test_json_lock_as_user_and_get_denied" signature="" line-rate="0" branch-rate="0" complexity="1">
              <lines>
                <line number="145" hits="0"/>
                <line number="147" hits="0"/>
                <line number="149" hits="0"/>
                <line number="152" hits="0"/>
                <line number="154" hits="0"/>
                <line number="155" hits="0"/>
                <line number="156" hits="0"/>
                <line number="157" hits="0"/>
                <line number="159" hits="0"/>
                <line number="160" hits="0"/>
                <line number="161" hits="0"/>
                <line number="162" hits="0"/>
                <line number="163" hits="0"/>
                <line number="164" hits="0"/>
                <line number="166" hits="0"/>
                <line number="168" hits="0"/>
                <line number="170" hits="0"/>
                <line number="171" hits="0"/>
                <line number="172" hits="0"/>
                <line number="173" hits="0"/>
              </lines>
            </method>
          </methods>
          <lines>
            <line number="24" hits="0"/>
            <line number="29" hits="0"/>
            <line number="34" hits="0"/>
            <line number="38" hits="0"/>
            <line number="40" hits="0"/>
            <line number="42" hits="0"/>
            <line number="44" hits="0"/>
            <line number="45" hits="0"/>
            <line number="46" hits="0"/>
            <line number="47" hits="0"/>
            <line number="49" hits="0"/>
            <line number="50" hits="0"/>
            <line number="51" hits="0"/>
            <line number="52" hits="0"/>
            <line number="53" hits="0"/>
            <line number="54" hits="0"/>
            <line number="56" hits="0"/>
            <line number="58" hits="0"/>
            <line number="60" hits="0"/>
            <line number="61" hits="0"/>
            <line number="62" hits="0"/>
            <line number="63" hits="0"/>
            <line number="68" hits="0"/>
            <line number="70" hits="0"/>
            <line number="72" hits="0"/>
            <line number="74" hits="0"/>
            <line number="76" hits="0"/>
            <line number="77" hits="0"/>
            <line number="78" hits="0"/>
            <line number="79" hits="0"/>
            <line number="81" hits="0"/>
            <line number="82" hits="0"/>
            <line number="83" hits="0"/>
            <line number="84" hits="0"/>
            <line number="85" hits="0"/>
            <line number="86" hits="0"/>
            <line number="88" hits="0"/>
            <line number="90" hits="0"/>
            <line number="91" hits="0"/>
            <line number="92" hits="0"/>
            <line number="93" hits="0"/>
            <line number="95" hits="0"/>
            <line number="100" hits="0"/>
            <line number="102" hits="0"/>
            <line number="104" hits="0"/>
            <line number="106" hits="0"/>
            <line number="108" hits="0"/>
            <line number="109" hits="0"/>
            <line number="110" hits="0"/>
            <line number="111" hits="0"/>
            <line number="114" hits="0"/>
            <line number="115" hits="0"/>
            <line number="116" hits="0"/>
            <line number="118" hits="0"/>
            <line number="119" hits="0"/>
            <line number="120" hits="0"/>
            <line number="121" hits="0"/>
            <line number="122" hits="0"/>
            <line number="123" hits="0"/>
            <line number="124" hits="0"/>
            <line number="126" hits="0"/>
            <line number="133" hits="0"/>
            <line number="134" hits="0"/>
            <line number="135" hits="0"/>
            <line number="136" hits="0"/>
            <line number="138" hits="0"/>
            <line number="140" hits="0"/>
            <line number="145" hits="0"/>
            <line number="147" hits="0"/>
            <line number="149" hits="0"/>
            <line number="152" hits="0"/>
            <line number="154" hits="0"/>
            <line number="155" hits="0"/>
            <line number="156" hits="0"/>
            <line number="157" hits="0"/>
            <line number="159" hits="0"/>
            <line number="160" hits="0"/>
            <line number="161" hits="0"/>
            <line number="162" hits="0"/>
            <line number="163" hits="0"/>
            <line number="164" hits="0"/>
            <line number="166" hits="0"/>
            <line number="168" hits="0"/>
            <line number="170" hits="0"/>
            <line number="171" hits="0"/>
            <line number="172" hits="0"/>
            <line number="173" hits="0"/>
          </lines>
        </class>
      </classes>
    </package>
    <package name="vendor/gammamatrix/playground-test/src/Feature/Http/Controllers/Resource/Playground/LockTrait.php" line-rate="0" branch-rate="0" complexity="4">
      <classes>
        <class name="Playground\Test\Feature\Http\Controllers\Resource\Playground\LockTrait" filename="vendor/gammamatrix/playground-test/src/Feature/Http/Controllers/Resource/Playground/LockTrait.php" line-rate="0" branch-rate="0" complexity="4">
          <methods>
            <method name="getGetFqdn" signature="" line-rate="0" branch-rate="0" complexity="0">
              <lines>
                <line number="24" hits="0"/>
              </lines>
            </method>
            <method name="getPackageInfo" signature="" line-rate="0" branch-rate="0" complexity="0">
              <lines>
                <line number="29" hits="0"/>
              </lines>
            </method>
            <method name="test_guest_cannot_lock" signature="" line-rate="0" branch-rate="0" complexity="1">
              <lines>
                <line number="33" hits="0"/>
                <line number="35" hits="0"/>
                <line number="37" hits="0"/>
                <line number="39" hits="0"/>
                <line number="40" hits="0"/>
                <line number="41" hits="0"/>
                <line number="42" hits="0"/>
                <line number="44" hits="0"/>
                <line number="45" hits="0"/>
                <line number="46" hits="0"/>
                <line number="47" hits="0"/>
                <line number="48" hits="0"/>
                <line number="49" hits="0"/>
                <line number="51" hits="0"/>
                <line number="53" hits="0"/>
                <line number="55" hits="0"/>
                <line number="56" hits="0"/>
                <line number="57" hits="0"/>
                <line number="58" hits="0"/>
              </lines>
            </method>
            <method name="test_lock_as_admin_and_succeed" signature="" line-rate="0" branch-rate="0" complexity="1">
              <lines>
                <line number="63" hits="0"/>
                <line number="65" hits="0"/>
                <line number="67" hits="0"/>
                <line number="69" hits="0"/>
                <line number="71" hits="0"/>
                <line number="72" hits="0"/>
                <line number="73" hits="0"/>
                <line number="74" hits="0"/>
                <line number="76" hits="0"/>
                <line number="77" hits="0"/>
                <line number="78" hits="0"/>
                <line number="79" hits="0"/>
                <line number="80" hits="0"/>
                <line number="81" hits="0"/>
                <line number="83" hits="0"/>
                <line number="85" hits="0"/>
                <line number="86" hits="0"/>
                <line number="87" hits="0"/>
                <line number="88" hits="0"/>
                <line number="90" hits="0"/>
                <line number="91" hits="0"/>
                <line number="92" hits="0"/>
              </lines>
            </method>
            <method name="test_lock_as_admin_and_succeed_with_redirect_to_index_with_sorted_by_locked_desc" signature="" line-rate="0" branch-rate="0" complexity="1">
              <lines>
                <line number="97" hits="0"/>
                <line number="99" hits="0"/>
                <line number="101" hits="0"/>
                <line number="103" hits="0"/>
                <line number="105" hits="0"/>
                <line number="106" hits="0"/>
                <line number="107" hits="0"/>
                <line number="108" hits="0"/>
                <line number="110" hits="0"/>
                <line number="111" hits="0"/>
                <line number="112" hits="0"/>
                <line number="114" hits="0"/>
                <line number="115" hits="0"/>
                <line number="116" hits="0"/>
                <line number="117" hits="0"/>
                <line number="118" hits="0"/>
                <line number="119" hits="0"/>
                <line number="120" hits="0"/>
                <line number="122" hits="0"/>
                <line number="124" hits="0"/>
                <line number="125" hits="0"/>
                <line number="126" hits="0"/>
                <line number="127" hits="0"/>
                <line number="129" hits="0"/>
              </lines>
            </method>
            <method name="test_lock_as_user_and_get_denied" signature="" line-rate="0" branch-rate="0" complexity="1">
              <lines>
                <line number="134" hits="0"/>
                <line number="136" hits="0"/>
                <line number="138" hits="0"/>
                <line number="140" hits="0"/>
                <line number="142" hits="0"/>
                <line number="143" hits="0"/>
                <line number="144" hits="0"/>
                <line number="145" hits="0"/>
                <line number="147" hits="0"/>
                <line number="148" hits="0"/>
                <line number="149" hits="0"/>
                <line number="150" hits="0"/>
                <line number="151" hits="0"/>
                <line number="152" hits="0"/>
                <line number="154" hits="0"/>
                <line number="156" hits="0"/>
                <line number="158" hits="0"/>
                <line number="159" hits="0"/>
                <line number="160" hits="0"/>
                <line number="161" hits="0"/>
              </lines>
            </method>
          </methods>
          <lines>
            <line number="24" hits="0"/>
            <line number="29" hits="0"/>
            <line number="33" hits="0"/>
            <line number="35" hits="0"/>
            <line number="37" hits="0"/>
            <line number="39" hits="0"/>
            <line number="40" hits="0"/>
            <line number="41" hits="0"/>
            <line number="42" hits="0"/>
            <line number="44" hits="0"/>
            <line number="45" hits="0"/>
            <line number="46" hits="0"/>
            <line number="47" hits="0"/>
            <line number="48" hits="0"/>
            <line number="49" hits="0"/>
            <line number="51" hits="0"/>
            <line number="53" hits="0"/>
            <line number="55" hits="0"/>
            <line number="56" hits="0"/>
            <line number="57" hits="0"/>
            <line number="58" hits="0"/>
            <line number="63" hits="0"/>
            <line number="65" hits="0"/>
            <line number="67" hits="0"/>
            <line number="69" hits="0"/>
            <line number="71" hits="0"/>
            <line number="72" hits="0"/>
            <line number="73" hits="0"/>
            <line number="74" hits="0"/>
            <line number="76" hits="0"/>
            <line number="77" hits="0"/>
            <line number="78" hits="0"/>
            <line number="79" hits="0"/>
            <line number="80" hits="0"/>
            <line number="81" hits="0"/>
            <line number="83" hits="0"/>
            <line number="85" hits="0"/>
            <line number="86" hits="0"/>
            <line number="87" hits="0"/>
            <line number="88" hits="0"/>
            <line number="90" hits="0"/>
            <line number="91" hits="0"/>
            <line number="92" hits="0"/>
            <line number="97" hits="0"/>
            <line number="99" hits="0"/>
            <line number="101" hits="0"/>
            <line number="103" hits="0"/>
            <line number="105" hits="0"/>
            <line number="106" hits="0"/>
            <line number="107" hits="0"/>
            <line number="108" hits="0"/>
            <line number="110" hits="0"/>
            <line number="111" hits="0"/>
            <line number="112" hits="0"/>
            <line number="114" hits="0"/>
            <line number="115" hits="0"/>
            <line number="116" hits="0"/>
            <line number="117" hits="0"/>
            <line number="118" hits="0"/>
            <line number="119" hits="0"/>
            <line number="120" hits="0"/>
            <line number="122" hits="0"/>
            <line number="124" hits="0"/>
            <line number="125" hits="0"/>
            <line number="126" hits="0"/>
            <line number="127" hits="0"/>
            <line number="129" hits="0"/>
            <line number="134" hits="0"/>
            <line number="136" hits="0"/>
            <line number="138" hits="0"/>
[...]
            <line number="142" hits="6"/>
            <line number="144" hits="1"/>
            <line number="146" hits="1"/>
            <line number="150" hits="12"/>
            <line number="152" hits="1"/>
            <line number="155" hits="11"/>
            <line number="156" hits="3"/>
            <line number="157" hits="9"/>
            <line number="158" hits="1"/>
            <line number="159" hits="1"/>
            <line number="160" hits="1"/>
            <line number="161" hits="1"/>
            <line number="162" hits="1"/>
            <line number="163" hits="9"/>
            <line number="164" hits="2"/>
            <line number="165" hits="8"/>
            <line number="166" hits="1"/>
            <line number="167" hits="8"/>
            <line number="168" hits="1"/>
            <line number="169" hits="1"/>
            <line number="171" hits="7"/>
            <line number="172" hits="1"/>
            <line number="173" hits="1"/>
            <line number="176" hits="6"/>
            <line number="177" hits="6"/>
            <line number="178" hits="6"/>
            <line number="179" hits="6"/>
            <line number="180" hits="6"/>
            <line number="195" hits="16"/>
          </lines>
        </class>
      </classes>
    </package>
    <package name="vendor/gammamatrix/playground/src/Models/Scopes/ScopeFilterFlags.php" line-rate="1" branch-rate="0" complexity="9">
      <classes>
        <class name="Playground\Models\Scopes\ScopeFilterFlags" filename="vendor/gammamatrix/playground/src/Models/Scopes/ScopeFilterFlags.php" line-rate="1" branch-rate="0" complexity="9">
          <methods>
            <method name="scopeFilterFlags" signature="Illuminate\Database\Eloquent\Builder $query, array $flags, array $validated" line-rate="1" branch-rate="0" complexity="9">
              <lines>
                <line number="25" hits="3"/>
                <line number="26" hits="2"/>
                <line number="29" hits="1"/>
                <line number="30" hits="1"/>
                <line number="31" hits="1"/>
                <line number="32" hits="1"/>
                <line number="33" hits="1"/>
                <line number="35" hits="1"/>
                <line number="37" hits="1"/>
                <line number="49" hits="1"/>
              </lines>
            </method>
          </methods>
          <lines>
            <line number="25" hits="3"/>
            <line number="26" hits="2"/>
            <line number="29" hits="1"/>
            <line number="30" hits="1"/>
            <line number="31" hits="1"/>
            <line number="32" hits="1"/>
            <line number="33" hits="1"/>
            <line number="35" hits="1"/>
            <line number="37" hits="1"/>
            <line number="49" hits="1"/>
          </lines>
        </class>
      </classes>
    </package>
    <package name="vendor/gammamatrix/playground/src/Models/Scopes/ScopeFilterIds.php" line-rate="1" branch-rate="0" complexity="27">
      <classes>
        <class name="Playground\Models\Scopes\ScopeFilterIds" filename="vendor/gammamatrix/playground/src/Models/Scopes/ScopeFilterIds.php" line-rate="1" branch-rate="0" complexity="27">
          <methods>
            <method name="scopeFilterIds" signature="Illuminate\Database\Eloquent\Builder $query, array $ids, array $validated" line-rate="1" branch-rate="0" complexity="27">
              <lines>
                <line number="26" hits="11"/>
                <line number="27" hits="2"/>
                <line number="30" hits="9"/>
                <line number="32" hits="9"/>
                <line number="34" hits="9"/>
                <line number="35" hits="9"/>
                <line number="36" hits="9"/>
                <line number="37" hits="9"/>
                <line number="38" hits="9"/>
                <line number="40" hits="8"/>
                <line number="43" hits="8"/>
                <line number="44" hits="8"/>
                <line number="45" hits="8"/>
                <line number="46" hits="8"/>
                <line number="48" hits="5"/>
                <line number="51" hits="8"/>
                <line number="53" hits="2"/>
                <line number="54" hits="7"/>
                <line number="55" hits="7"/>
                <line number="58" hits="3"/>
                <line number="59" hits="5"/>
                <line number="61" hits="5"/>
                <line number="63" hits="5"/>
                <line number="64" hits="5"/>
                <line number="66" hits="1"/>
                <line number="68" hits="5"/>
                <line number="69" hits="1"/>
                <line number="70" hits="1"/>
                <line number="72" hits="4"/>
                <line number="73" hits="2"/>
                <line number="74" hits="2"/>
                <line number="76" hits="2"/>
                <line number="77" hits="2"/>
                <line number="78" hits="1"/>
                <line number="83" hits="5"/>
                <line number="84" hits="4"/>
                <line number="97" hits="9"/>
              </lines>
            </method>
          </methods>
          <lines>
            <line number="26" hits="11"/>
            <line number="27" hits="2"/>
            <line number="30" hits="9"/>
            <line number="32" hits="9"/>
            <line number="34" hits="9"/>
            <line number="35" hits="9"/>
            <line number="36" hits="9"/>
            <line number="37" hits="9"/>
            <line number="38" hits="9"/>
            <line number="40" hits="8"/>
            <line number="43" hits="8"/>
            <line number="44" hits="8"/>
            <line number="45" hits="8"/>
            <line number="46" hits="8"/>
            <line number="48" hits="5"/>
            <line number="51" hits="8"/>
            <line number="53" hits="2"/>
            <line number="54" hits="7"/>
            <line number="55" hits="7"/>
            <line number="58" hits="3"/>
            <line number="59" hits="5"/>
            <line number="61" hits="5"/>
            <line number="63" hits="5"/>
            <line number="64" hits="5"/>
            <line number="66" hits="1"/>
            <line number="68" hits="5"/>
            <line number="69" hits="1"/>
            <line number="70" hits="1"/>
            <line number="72" hits="4"/>
            <line number="73" hits="2"/>
            <line number="74" hits="2"/>
            <line number="76" hits="2"/>
            <line number="77" hits="2"/>
            <line number="78" hits="1"/>
            <line number="83" hits="5"/>
            <line number="84" hits="4"/>
            <line number="97" hits="9"/>
          </lines>
        </class>
      </classes>
    </package>
    <package name="vendor/gammamatrix/playground/src/Models/Scopes/ScopeFilterTrash.php" line-rate="1" branch-rate="0" complexity="7">
      <classes>
        <class name="Playground\Models\Scopes\ScopeFilterTrash" filename="vendor/gammamatrix/playground/src/Models/Scopes/ScopeFilterTrash.php" line-rate="1" branch-rate="0" complexity="7">
          <methods>
            <method name="scopeFilterTrash" signature="Illuminate\Database\Eloquent\Builder $query, string $visibility" line-rate="1" branch-rate="0" complexity="7">
              <lines>
                <line number="20" hits="3"/>
                <line number="21" hits="3"/>
                <line number="23" hits="1"/>
                <line number="24" hits="2"/>
                <line number="25" hits="2"/>
                <line number="27" hits="1"/>
                <line number="30" hits="3"/>
              </lines>
            </method>
          </methods>
          <lines>
            <line number="20" hits="3"/>
            <line number="21" hits="3"/>
            <line number="23" hits="1"/>
            <line number="24" hits="2"/>
            <line number="25" hits="2"/>
            <line number="27" hits="1"/>
            <line number="30" hits="3"/>
          </lines>
        </class>
      </classes>
    </package>
    <package name="vendor/gammamatrix/playground/src/Models/Scopes/ScopeSort.php" line-rate="1" branch-rate="0" complexity="16">
      <classes>
        <class name="Playground\Models\Scopes\ScopeSort" filename="vendor/gammamatrix/playground/src/Models/Scopes/ScopeSort.php" line-rate="1" branch-rate="0" complexity="16">
          <methods>
            <method name="scopeSort" signature="Illuminate\Database\Eloquent\Builder $query, mixed $sort" line-rate="1" branch-rate="0" complexity="16">
              <lines>
                <line number="20" hits="11"/>
                <line number="21" hits="1"/>
                <line number="24" hits="10"/>
                <line number="26" hits="10"/>
                <line number="28" hits="10"/>
                <line number="29" hits="2"/>
                <line number="32" hits="10"/>
                <line number="33" hits="10"/>
                <line number="34" hits="10"/>
                <line number="35" hits="10"/>
                <line number="36" hits="2"/>
                <line number="37" hits="2"/>
                <line number="38" hits="8"/>
                <line number="39" hits="2"/>
                <line number="40" hits="2"/>
                <line number="41" hits="6"/>
                <line number="42" hits="4"/>
                <line number="43" hits="4"/>
                <line number="45" hits="2"/>
                <line number="46" hits="2"/>
                <line number="47" hits="2"/>
                <line number="49" hits="2"/>
                <line number="53" hits="10"/>
                <line number="54" hits="10"/>
                <line number="55" hits="10"/>
                <line number="57" hits="10"/>
                <line number="58" hits="10"/>
                <line number="63" hits="10"/>
              </lines>
            </method>
          </methods>
          <lines>
            <line number="20" hits="11"/>
            <line number="21" hits="1"/>
            <line number="24" hits="10"/>
            <line number="26" hits="10"/>
            <line number="28" hits="10"/>
            <line number="29" hits="2"/>
            <line number="32" hits="10"/>
            <line number="33" hits="10"/>
            <line number="34" hits="10"/>
            <line number="35" hits="10"/>
            <line number="36" hits="2"/>
            <line number="37" hits="2"/>
            <line number="38" hits="8"/>
            <line number="39" hits="2"/>
            <line number="40" hits="2"/>
            <line number="41" hits="6"/>
            <line number="42" hits="4"/>
            <line number="43" hits="4"/>
            <line number="45" hits="2"/>
            <line number="46" hits="2"/>
            <line number="47" hits="2"/>
            <line number="49" hits="2"/>
            <line number="53" hits="10"/>
            <line number="54" hits="10"/>
            <line number="55" hits="10"/>
            <line number="57" hits="10"/>
            <line number="58" hits="10"/>
            <line number="63" hits="10"/>
          </lines>
        </class>
      </classes>
    </package>
    <package name="vendor/gammamatrix/playground/src/Models/User.php" line-rate="0" branch-rate="0" complexity="0">
      <classes>
        <class name="Playground\Models\User" filename="vendor/gammamatrix/playground/src/Models/User.php" line-rate="0" branch-rate="0" complexity="0">
          <methods/>
          <lines/>
        </class>
      </classes>
    </package>
    <package name="vendor/gammamatrix/playground/src/Models/UuidModel.php" line-rate="0" branch-rate="0" complexity="0">
      <classes>
        <class name="Playground\Models\UuidModel" filename="vendor/gammamatrix/playground/src/Models/UuidModel.php" line-rate="0" branch-rate="0" complexity="0">
          <methods/>
          <lines/>
        </class>
      </classes>
    </package>
    <package name="vendor/gammamatrix/playground/src/ServiceProvider.php" line-rate="1" branch-rate="0" complexity="36">
      <classes>
        <class name="Playground\ServiceProvider" filename="vendor/gammamatrix/playground/src/ServiceProvider.php" line-rate="1" branch-rate="0" complexity="36">
          <methods>
            <method name="boot" signature="" line-rate="1" branch-rate="0" complexity="3">
              <lines>
                <line number="26" hits="78"/>
                <line number="28" hits="78"/>
                <line number="30" hits="78"/>
                <line number="31" hits="78"/>
                <line number="32" hits="78"/>
                <line number="35" hits="78"/>
                <line number="36" hits="78"/>
              </lines>
            </method>
            <method name="about" signature="array $config" line-rate="1" branch-rate="0" complexity="23">
              <lines>
                <line number="45" hits="78"/>
                <line number="47" hits="78"/>
                <line number="52" hits="78"/>
                <line number="54" hits="78"/>
                <line number="55" hits="78"/>
                <line number="56" hits="78"/>
                <line number="58" hits="78"/>
                <line number="59" hits="78"/>
                <line number="60" hits="78"/>
                <line number="61" hits="78"/>
                <line number="62" hits="78"/>
                <line number="64" hits="78"/>
                <line number="65" hits="78"/>
                <line number="67" hits="78"/>
                <line number="68" hits="78"/>
                <line number="70" hits="78"/>
                <line number="71" hits="78"/>
                <line number="73" hits="78"/>
                <line number="74" hits="78"/>
                <line number="76" hits="78"/>
                <line number="77" hits="78"/>
                <line number="79" hits="78"/>
                <line number="80" hits="78"/>
                <line number="82" hits="78"/>
                <line number="83" hits="78"/>
                <line number="85" hits="78"/>
                <line number="86" hits="78"/>
                <line number="87" hits="78"/>
                <line number="88" hits="78"/>
              </lines>
            </method>
            <method name="userPrimaryKeyType" signature="string $auth_providers_users_model" line-rate="1" branch-rate="0" complexity="4">
              <lines>
                <line number="97" hits="5"/>
                <line number="98" hits="1"/>
                <line number="101" hits="4"/>
                <line number="102" hits="1"/>
                <line number="103" hits="1"/>
                <line number="105" hits="1"/>
              </lines>
            </method>
            <method name="userPrimaryKeyTypeParse" signature="string $auth_providers_users_model" line-rate="1" branch-rate="0" complexity="4">
              <lines>
                <line number="152" hits="4"/>
                <line number="156" hits="4"/>
                <line number="158" hits="4"/>
                <line number="160" hits="4"/>
                <line number="161" hits="4"/>
                <line number="163" hits="4"/>
                <line number="164" hits="4"/>
                <line number="166" hits="4"/>
                <line number="168" hits="4"/>
                <line number="169" hits="4"/>
                <line number="171" hits="4"/>
                <line number="172" hits="4"/>
                <line number="174" hits="4"/>
                <line number="176" hits="4"/>
                <line number="177" hits="4"/>
                <line number="179" hits="4"/>
                <line number="180" hits="4"/>
                <line number="182" hits="4"/>
                <line number="183" hits="4"/>
                <line number="185" hits="4"/>
                <line number="186" hits="4"/>
                <line number="188" hits="4"/>
                <line number="189" hits="4"/>
                <line number="191" hits="1"/>
                <line number="192" hits="3"/>
                <line number="193" hits="2"/>
                <line number="196" hits="3"/>
              </lines>
            </method>
            <method name="register" signature="" line-rate="1" branch-rate="0" complexity="1">
              <lines>
                <line number="201" hits="78"/>
                <line number="202" hits="78"/>
                <line number="203" hits="78"/>
                <line number="204" hits="78"/>
              </lines>
            </method>
            <method name="version" signature="" line-rate="1" branch-rate="0" complexity="1">
              <lines>
                <line number="209" hits="78"/>
              </lines>
            </method>
          </methods>
          <lines>
            <line number="26" hits="78"/>
            <line number="28" hits="78"/>
            <line number="30" hits="78"/>
            <line number="31" hits="78"/>
            <line number="32" hits="78"/>
            <line number="35" hits="78"/>
            <line number="36" hits="78"/>
            <line number="45" hits="78"/>
            <line number="47" hits="78"/>
            <line number="52" hits="78"/>
            <line number="54" hits="78"/>
            <line number="55" hits="78"/>
            <line number="56" hits="78"/>
            <line number="58" hits="78"/>
            <line number="59" hits="78"/>
            <line number="60" hits="78"/>
            <line number="61" hits="78"/>
            <line number="62" hits="78"/>
            <line number="64" hits="78"/>
            <line number="65" hits="78"/>
            <line number="67" hits="78"/>
            <line number="68" hits="78"/>
            <line number="70" hits="78"/>
            <line number="71" hits="78"/>
            <line number="73" hits="78"/>
            <line number="74" hits="78"/>
            <line number="76" hits="78"/>
            <line number="77" hits="78"/>
            <line number="79" hits="78"/>
            <line number="80" hits="78"/>
            <line number="82" hits="78"/>
            <line number="83" hits="78"/>
            <line number="85" hits="78"/>
            <line number="86" hits="78"/>
            <line number="87" hits="78"/>
            <line number="88" hits="78"/>
            <line number="97" hits="5"/>
            <line number="98" hits="1"/>
            <line number="101" hits="4"/>
            <line number="102" hits="1"/>
            <line number="103" hits="1"/>
            <line number="105" hits="1"/>
            <line number="152" hits="4"/>
            <line number="156" hits="4"/>
            <line number="158" hits="4"/>
            <line number="160" hits="4"/>
            <line number="161" hits="4"/>
            <line number="163" hits="4"/>
            <line number="164" hits="4"/>
            <line number="166" hits="4"/>
            <line number="168" hits="4"/>
            <line number="169" hits="4"/>
            <line number="171" hits="4"/>
            <line number="172" hits="4"/>
            <line number="174" hits="4"/>
            <line number="176" hits="4"/>
            <line number="177" hits="4"/>
            <line number="179" hits="4"/>
            <line number="180" hits="4"/>
            <line number="182" hits="4"/>
            <line number="183" hits="4"/>
            <line number="185" hits="4"/>
            <line number="186" hits="4"/>
            <line number="188" hits="4"/>
            <line number="189" hits="4"/>
            <line number="191" hits="1"/>
            <line number="192" hits="3"/>
            <line number="193" hits="2"/>
            <line number="196" hits="3"/>
            <line number="201" hits="78"/>
            <line number="202" hits="78"/>
            <line number="203" hits="78"/>
            <line number="204" hits="78"/>
            <line number="209" hits="78"/>
          </lines>
        </class>
      </classes>
    </package>
  </packages>
</coverage>
