<?xml version="1.0" encoding="UTF-8"?>
<!DOCTYPE coverage SYSTEM "http://cobertura.sourceforge.net/xml/coverage-04.dtd">
<coverage line-rate="0.9184958312064" branch-rate="0" lines-covered="5398" lines-valid="5877" branches-covered="0" branches-valid="0" complexity="1878" version="0.4" timestamp="1709928642">
  <sources>
    <source>/app</source>
  </sources>
  <packages>
    <package name="app/Console/Kernel.php" line-rate="0.66666666666667" branch-rate="0" complexity="2">
      <classes>
        <class name="App\Console\Kernel" filename="app/Console/Kernel.php" line-rate="0.66666666666667" branch-rate="0" complexity="2">
          <methods>
            <method name="schedule" signature="Illuminate\Console\Scheduling\Schedule $schedule" line-rate="0" branch-rate="0" complexity="1">
              <lines>
                <line number="15" hits="0"/>
              </lines>
            </method>
            <method name="commands" signature="" line-rate="1" branch-rate="0" complexity="1">
              <lines>
                <line number="22" hits="1"/>
                <line number="24" hits="1"/>
              </lines>
            </method>
          </methods>
          <lines>
            <line number="15" hits="0"/>
            <line number="22" hits="1"/>
            <line number="24" hits="1"/>
          </lines>
        </class>
      </classes>
    </package>
    <package name="app/Exceptions/Handler.php" line-rate="0.043478260869565" branch-rate="0" complexity="11">
      <classes>
        <class name="App\Exceptions\Handler" filename="app/Exceptions/Handler.php" line-rate="0.043478260869565" branch-rate="0" complexity="11">
          <methods>
            <method name="register" signature="" line-rate="1" branch-rate="0" complexity="1">
              <lines>
                <line number="32" hits="1"/>
              </lines>
            </method>
            <method name="render" signature="$request, Throwable $e" line-rate="0" branch-rate="0" complexity="10">
              <lines>
                <line number="48" hits="0"/>
                <line number="49" hits="0"/>
                <line number="50" hits="0"/>
                <line number="51" hits="0"/>
                <line number="54" hits="0"/>
                <line number="57" hits="0"/>
                <line number="62" hits="0"/>
                <line number="63" hits="0"/>
                <line number="64" hits="0"/>
                <line number="65" hits="0"/>
                <line number="66" hits="0"/>
                <line number="67" hits="0"/>
                <line number="69" hits="0"/>
                <line number="70" hits="0"/>
                <line number="74" hits="0"/>
                <line number="75" hits="0"/>
                <line number="76" hits="0"/>
                <line number="77" hits="0"/>
                <line number="78" hits="0"/>
                <line number="79" hits="0"/>
                <line number="80" hits="0"/>
                <line number="82" hits="0"/>
              </lines>
            </method>
          </methods>
          <lines>
            <line number="32" hits="1"/>
            <line number="48" hits="0"/>
            <line number="49" hits="0"/>
            <line number="50" hits="0"/>
            <line number="51" hits="0"/>
            <line number="54" hits="0"/>
            <line number="57" hits="0"/>
            <line number="62" hits="0"/>
            <line number="63" hits="0"/>
            <line number="64" hits="0"/>
            <line number="65" hits="0"/>
            <line number="66" hits="0"/>
            <line number="67" hits="0"/>
            <line number="69" hits="0"/>
            <line number="70" hits="0"/>
            <line number="74" hits="0"/>
            <line number="75" hits="0"/>
            <line number="76" hits="0"/>
            <line number="77" hits="0"/>
            <line number="78" hits="0"/>
            <line number="79" hits="0"/>
            <line number="80" hits="0"/>
            <line number="82" hits="0"/>
          </lines>
        </class>
      </classes>
    </package>
    <package name="app/Http/Controllers/Controller.php" line-rate="0" branch-rate="0" complexity="0">
      <classes>
        <class name="App\Http\Controllers\Controller" filename="app/Http/Controllers/Controller.php" line-rate="0" branch-rate="0" complexity="0">
          <methods/>
          <lines/>
        </class>
      </classes>
    </package>
    <package name="app/Http/Kernel.php" line-rate="0" branch-rate="0" complexity="0">
      <classes>
        <class name="App\Http\Kernel" filename="app/Http/Kernel.php" line-rate="0" branch-rate="0" complexity="0">
          <methods/>
          <lines/>
        </class>
      </classes>
    </package>
    <package name="app/Http/Middleware/Authenticate.php" line-rate="0" branch-rate="0" complexity="2">
      <classes>
        <class name="App\Http\Middleware\Authenticate" filename="app/Http/Middleware/Authenticate.php" line-rate="0" branch-rate="0" complexity="2">
          <methods>
            <method name="redirectTo" signature="Illuminate\Http\Request $request" line-rate="0" branch-rate="0" complexity="2">
              <lines>
                <line number="14" hits="0"/>
              </lines>
            </method>
          </methods>
          <lines>
            <line number="14" hits="0"/>
          </lines>
        </class>
      </classes>
    </package>
    <package name="app/Http/Middleware/EncryptCookies.php" line-rate="0" branch-rate="0" complexity="0">
      <classes>
        <class name="App\Http\Middleware\EncryptCookies" filename="app/Http/Middleware/EncryptCookies.php" line-rate="0" branch-rate="0" complexity="0">
          <methods/>
          <lines/>
        </class>
      </classes>
    </package>
    <package name="app/Http/Middleware/PreventRequestsDuringMaintenance.php" line-rate="0" branch-rate="0" complexity="0">
      <classes>
        <class name="App\Http\Middleware\PreventRequestsDuringMaintenance" filename="app/Http/Middleware/PreventRequestsDuringMaintenance.php" line-rate="0" branch-rate="0" complexity="0">
          <methods/>
          <lines/>
        </class>
      </classes>
    </package>
    <package name="app/Http/Middleware/RedirectIfAuthenticated.php" line-rate="0" branch-rate="0" complexity="4">
      <classes>
        <class name="App\Http\Middleware\RedirectIfAuthenticated" filename="app/Http/Middleware/RedirectIfAuthenticated.php" line-rate="0" branch-rate="0" complexity="4">
          <methods>
            <method name="handle" signature="Illuminate\Http\Request $request, Closure $next, string $guards" line-rate="0" branch-rate="0" complexity="4">
              <lines>
                <line number="19" hits="0"/>
                <line number="21" hits="0"/>
                <line number="22" hits="0"/>
                <line number="23" hits="0"/>
                <line number="27" hits="0"/>
              </lines>
            </method>
          </methods>
          <lines>
            <line number="19" hits="0"/>
            <line number="21" hits="0"/>
            <line number="22" hits="0"/>
            <line number="23" hits="0"/>
            <line number="27" hits="0"/>
          </lines>
        </class>
      </classes>
    </package>
    <package name="app/Http/Middleware/TrimStrings.php" line-rate="0" branch-rate="0" complexity="0">
      <classes>
        <class name="App\Http\Middleware\TrimStrings" filename="app/Http/Middleware/TrimStrings.php" line-rate="0" branch-rate="0" complexity="0">
          <methods/>
          <lines/>
        </class>
      </classes>
    </package>
    <package name="app/Http/Middleware/TrustHosts.php" line-rate="0" branch-rate="0" complexity="1">
      <classes>
        <class name="App\Http\Middleware\TrustHosts" filename="app/Http/Middleware/TrustHosts.php" line-rate="0" branch-rate="0" complexity="1">
          <methods>
            <method name="hosts" signature="" line-rate="0" branch-rate="0" complexity="1">
              <lines>
                <line number="15" hits="0"/>
                <line number="16" hits="0"/>
                <line number="17" hits="0"/>
              </lines>
            </method>
          </methods>
          <lines>
            <line number="15" hits="0"/>
            <line number="16" hits="0"/>
            <line number="17" hits="0"/>
          </lines>
        </class>
      </classes>
    </package>
    <package name="app/Http/Middleware/TrustProxies.php" line-rate="0" branch-rate="0" complexity="0">
      <classes>
        <class name="App\Http\Middleware\TrustProxies" filename="app/Http/Middleware/TrustProxies.php" line-rate="0" branch-rate="0" complexity="0">
          <methods/>
          <lines/>
        </class>
      </classes>
    </package>
    <package name="app/Http/Middleware/ValidateSignature.php" line-rate="0" branch-rate="0" complexity="0">
      <classes>
        <class name="App\Http\Middleware\ValidateSignature" filename="app/Http/Middleware/ValidateSignature.php" line-rate="0" branch-rate="0" complexity="0">
          <methods/>
          <lines/>
        </class>
      </classes>
    </package>
    <package name="app/Http/Middleware/VerifyCsrfToken.php" line-rate="0" branch-rate="0" complexity="0">
      <classes>
        <class name="App\Http\Middleware\VerifyCsrfToken" filename="app/Http/Middleware/VerifyCsrfToken.php" line-rate="0" branch-rate="0" complexity="0">
          <methods/>
          <lines/>
        </class>
      </classes>
    </package>
    <package name="app/Models/User.php" line-rate="0" branch-rate="0" complexity="0">
      <classes>
        <class name="App\Models\User" filename="app/Models/User.php" line-rate="0" branch-rate="0" complexity="0">
          <methods/>
          <lines/>
        </class>
      </classes>
    </package>
    <package name="app/Providers/AppServiceProvider.php" line-rate="1" branch-rate="0" complexity="2">
      <classes>
        <class name="App\Providers\AppServiceProvider" filename="app/Providers/AppServiceProvider.php" line-rate="1" branch-rate="0" complexity="2">
          <methods>
            <method name="register" signature="" line-rate="1" branch-rate="0" complexity="1">
              <lines>
                <line number="14" hits="1"/>
              </lines>
            </method>
            <method name="boot" signature="" line-rate="1" branch-rate="0" complexity="1">
              <lines>
                <line number="22" hits="1"/>
              </lines>
            </method>
          </methods>
          <lines>
            <line number="14" hits="1"/>
            <line number="22" hits="1"/>
          </lines>
        </class>
      </classes>
    </package>
    <package name="app/Providers/AuthServiceProvider.php" line-rate="1" branch-rate="0" complexity="1">
      <classes>
        <class name="App\Providers\AuthServiceProvider" filename="app/Providers/AuthServiceProvider.php" line-rate="1" branch-rate="0" complexity="1">
          <methods>
            <method name="boot" signature="" line-rate="1" branch-rate="0" complexity="1">
              <lines>
                <line number="24" hits="1"/>
              </lines>
            </method>
          </methods>
          <lines>
            <line number="24" hits="1"/>
          </lines>
        </class>
      </classes>
    </package>
    <package name="app/Providers/BroadcastServiceProvider.php" line-rate="0" branch-rate="0" complexity="1">
      <classes>
        <class name="App\Providers\BroadcastServiceProvider" filename="app/Providers/BroadcastServiceProvider.php" line-rate="0" branch-rate="0" complexity="1">
          <methods>
            <method name="boot" signature="" line-rate="0" branch-rate="0" complexity="1">
              <lines>
                <line number="14" hits="0"/>
                <line number="16" hits="0"/>
              </lines>
            </method>
          </methods>
          <lines>
            <line number="14" hits="0"/>
            <line number="16" hits="0"/>
          </lines>
        </class>
      </classes>
    </package>
    <package name="app/Providers/EventServiceProvider.php" line-rate="1" branch-rate="0" complexity="2">
      <classes>
        <class name="App\Providers\EventServiceProvider" filename="app/Providers/EventServiceProvider.php" line-rate="1" branch-rate="0" complexity="2">
          <methods>
            <method name="boot" signature="" line-rate="1" branch-rate="0" complexity="1">
              <lines>
                <line number="28" hits="1"/>
              </lines>
            </method>
            <method name="shouldDiscoverEvents" signature="" line-rate="1" branch-rate="0" complexity="1">
              <lines>
                <line number="35" hits="1"/>
              </lines>
            </method>
          </methods>
          <lines>
            <line number="28" hits="1"/>
            <line number="35" hits="1"/>
          </lines>
        </class>
      </classes>
    </package>
    <package name="app/Providers/RouteServiceProvider.php" line-rate="0.9" branch-rate="0" complexity="2">
      <classes>
        <class name="App\Providers\RouteServiceProvider" filename="app/Providers/RouteServiceProvider.php" line-rate="0.9" branch-rate="0" complexity="2">
          <methods>
            <method name="boot" signature="" line-rate="0.9" branch-rate="0" complexity="2">
              <lines>
                <line number="26" hits="1"/>
                <line number="27" hits="0"/>
                <line number="28" hits="1"/>
                <line number="30" hits="1"/>
                <line number="31" hits="1"/>
                <line number="32" hits="1"/>
                <line number="33" hits="1"/>
                <line number="35" hits="1"/>
                <line number="36" hits="1"/>
                <line number="37" hits="1"/>
              </lines>
            </method>
          </methods>
          <lines>
            <line number="26" hits="1"/>
            <line number="27" hits="0"/>
            <line number="28" hits="1"/>
            <line number="30" hits="1"/>
            <line number="31" hits="1"/>
            <line number="32" hits="1"/>
            <line number="33" hits="1"/>
            <line number="35" hits="1"/>
            <line number="36" hits="1"/>
            <line number="37" hits="1"/>
          </lines>
        </class>
      </classes>
    </package>
    <package name="vendor/gammamatrix/playground-admin-resource/src/Http/Controllers/Concerns/UserProvider.php" line-rate="1" branch-rate="0" complexity="10">
      <classes>
        <class name="Playground\Admin\Resource\Http\Controllers\Concerns\UserProvider" filename="vendor/gammamatrix/playground-admin-resource/src/Http/Controllers/Concerns/UserProvider.php" line-rate="1" branch-rate="0" complexity="10">
          <methods>
            <method name="getUserClass" signature="" line-rate="1" branch-rate="0" complexity="5">
              <lines>
                <line number="26" hits="38"/>
                <line number="28" hits="38"/>
                <line number="29" hits="1"/>
                <line number="30" hits="1"/>
                <line number="31" hits="1"/>
                <line number="34" hits="37"/>
              </lines>
            </method>
            <method name="getUserInstance" signature="array $data" line-rate="1" branch-rate="0" complexity="2">
              <lines>
                <line number="43" hits="10"/>
                <line number="45" hits="10"/>
                <line number="47" hits="10"/>
                <line number="48" hits="10"/>
                <line number="51" hits="10"/>
              </lines>
            </method>
            <method name="findUserOrFail" signature="string|int $id, bool $withTrash" line-rate="1" branch-rate="0" complexity="3">
              <lines>
                <line number="58" hits="27"/>
                <line number="60" hits="27"/>
                <line number="61" hits="11"/>
                <line number="64" hits="16"/>
              </lines>
            </method>
          </methods>
          <lines>
            <line number="26" hits="38"/>
            <line number="28" hits="38"/>
            <line number="29" hits="1"/>
            <line number="30" hits="1"/>
            <line number="31" hits="1"/>
            <line number="34" hits="37"/>
            <line number="43" hits="10"/>
            <line number="45" hits="10"/>
            <line number="47" hits="10"/>
            <line number="48" hits="10"/>
            <line number="51" hits="10"/>
            <line number="58" hits="27"/>
            <line number="60" hits="27"/>
            <line number="61" hits="11"/>
            <line number="64" hits="16"/>
          </lines>
        </class>
      </classes>
    </package>
    <package name="vendor/gammamatrix/playground-admin-resource/src/Http/Controllers/Controller.php" line-rate="1" branch-rate="0" complexity="6">
      <classes>
        <class name="Playground\Admin\Resource\Http\Controllers\Controller" filename="vendor/gammamatrix/playground-admin-resource/src/Http/Controllers/Controller.php" line-rate="1" branch-rate="0" complexity="6">
          <methods>
            <method name="getViewPath" signature="string $controller, string $view" line-rate="1" branch-rate="0" complexity="4">
              <lines>
                <line number="30" hits="4"/>
                <line number="32" hits="4"/>
                <line number="33" hits="4"/>
                <line number="34" hits="4"/>
                <line number="35" hits="4"/>
                <line number="36" hits="4"/>
                <line number="37" hits="4"/>
                <line number="38" hits="4"/>
              </lines>
            </method>
            <method name="setPackageInfoValue" signature="string $key, string $value" line-rate="1" branch-rate="0" complexity="2">
              <lines>
                <line number="45" hits="10"/>
                <line number="46" hits="10"/>
              </lines>
            </method>
          </methods>
          <lines>
            <line number="30" hits="4"/>
            <line number="32" hits="4"/>
            <line number="33" hits="4"/>
            <line number="34" hits="4"/>
            <line number="35" hits="4"/>
            <line number="36" hits="4"/>
            <line number="37" hits="4"/>
            <line number="38" hits="4"/>
            <line number="45" hits="10"/>
            <line number="46" hits="10"/>
          </lines>
        </class>
      </classes>
    </package>
    <package name="vendor/gammamatrix/playground-admin-resource/src/Http/Controllers/IndexController.php" line-rate="1" branch-rate="0" complexity="1">
      <classes>
        <class name="Playground\Admin\Resource\Http\Controllers\IndexController" filename="vendor/gammamatrix/playground-admin-resource/src/Http/Controllers/IndexController.php" line-rate="1" branch-rate="0" complexity="1">
          <methods>
            <method name="index" signature="" line-rate="1" branch-rate="0" complexity="1">
              <lines>
                <line number="19" hits="1"/>
              </lines>
            </method>
          </methods>
          <lines>
            <line number="19" hits="1"/>
          </lines>
        </class>
      </classes>
    </package>
    <package name="vendor/gammamatrix/playground-admin-resource/src/Http/Controllers/SettingController.php" line-rate="1" branch-rate="0" complexity="40">
      <classes>
        <class name="Playground\Admin\Resource\Http\Controllers\SettingController" filename="vendor/gammamatrix/playground-admin-resource/src/Http/Controllers/SettingController.php" line-rate="1" branch-rate="0" complexity="40">
          <methods>
            <method name="create" signature="Playground\Admin\Resource\Http\Requests\Setting\CreateRequest $request" line-rate="1" branch-rate="0" complexity="4">
              <lines>
                <line number="59" hits="3"/>
                <line number="61" hits="3"/>
                <line number="63" hits="3"/>
                <line number="65" hits="3"/>
                <line number="66" hits="3"/>
                <line number="67" hits="3"/>
                <line number="68" hits="3"/>
                <line number="69" hits="3"/>
                <line number="70" hits="3"/>
                <line number="71" hits="3"/>
                <line number="73" hits="3"/>
                <line number="74" hits="3"/>
                <line number="76" hits="3"/>
                <line number="77" hits="3"/>
                <line number="78" hits="3"/>
                <line number="79" hits="3"/>
                <line number="80" hits="3"/>
                <line number="82" hits="3"/>
                <line number="83" hits="1"/>
                <line number="86" hits="2"/>
                <line number="88" hits="2"/>
                <line number="89" hits="1"/>
                <line number="90" hits="1"/>
                <line number="93" hits="2"/>
                <line number="94" hits="2"/>
                <line number="97" hits="2"/>
              </lines>
            </method>
            <method name="edit" signature="Playground\Admin\Models\Setting $setting, Playground\Admin\Resource\Http\Requests\Setting\EditRequest $request" line-rate="1" branch-rate="0" complexity="3">
              <lines>
                <line number="109" hits="3"/>
                <line number="111" hits="3"/>
                <line number="113" hits="3"/>
                <line number="114" hits="3"/>
                <line number="115" hits="3"/>
                <line number="116" hits="3"/>
                <line number="117" hits="3"/>
                <line number="118" hits="3"/>
                <line number="119" hits="3"/>
                <line number="121" hits="3"/>
                <line number="122" hits="3"/>
                <line number="124" hits="3"/>
                <line number="125" hits="3"/>
                <line number="126" hits="3"/>
                <line number="127" hits="3"/>
                <line number="128" hits="3"/>
                <line number="130" hits="3"/>
                <line number="131" hits="1"/>
                <line number="134" hits="2"/>
                <line number="136" hits="2"/>
                <line number="137" hits="1"/>
                <line number="138" hits="1"/>
                <line number="141" hits="2"/>
                <line number="143" hits="2"/>
                <line number="144" hits="2"/>
                <line number="145" hits="2"/>
                <line number="146" hits="2"/>
              </lines>
            </method>
            <method name="destroy" signature="Playground\Admin\Models\Setting $setting, Playground\Admin\Resource\Http\Requests\Setting\DestroyRequest $request" line-rate="1" branch-rate="0" complexity="5">
              <lines>
                <line number="158" hits="7"/>
                <line number="160" hits="7"/>
                <line number="161" hits="5"/>
                <line number="163" hits="2"/>
                <line number="166" hits="7"/>
                <line number="167" hits="4"/>
                <line number="170" hits="3"/>
                <line number="172" hits="3"/>
                <line number="173" hits="1"/>
                <line number="176" hits="2"/>
              </lines>
            </method>
            <method name="lock" signature="Playground\Admin\Models\Setting $setting, Playground\Admin\Resource\Http\Requests\Setting\LockRequest $request" line-rate="1" branch-rate="0" complexity="4">
              <lines>
                <line number="188" hits="4"/>
                <line number="190" hits="4"/>
                <line number="192" hits="4"/>
                <line number="194" hits="4"/>
                <line number="196" hits="4"/>
                <line number="197" hits="4"/>
                <line number="198" hits="4"/>
                <line number="199" hits="4"/>
                <line number="200" hits="4"/>
                <line number="201" hits="4"/>
                <line number="204" hits="4"/>
                <line number="205" hits="2"/>
                <line number="208" hits="2"/>
                <line number="210" hits="2"/>
                <line number="211" hits="1"/>
                <line number="214" hits="1"/>
              </lines>
            </method>
            <method name="index" signature="Playground\Admin\Resource\Http\Requests\Setting\IndexRequest $request" line-rate="1" branch-rate="0" complexity="6">
              <lines>
                <line number="225" hits="4"/>
                <line number="227" hits="4"/>
                <line number="229" hits="4"/>
                <line number="231" hits="4"/>
                <line number="233" hits="4"/>
                <line number="234" hits="2"/>
                <line number="236" hits="2"/>
                <line number="237" hits="2"/>
                <line number="238" hits="2"/>
                <line number="239" hits="2"/>
                <line number="241" hits="2"/>
                <line number="242" hits="2"/>
                <line number="243" hits="2"/>
                <line number="244" hits="2"/>
                <line number="246" hits="2"/>
                <line number="247" hits="2"/>
                <line number="248" hits="2"/>
                <line number="249" hits="2"/>
                <line number="251" hits="2"/>
                <line number="252" hits="2"/>
                <line number="253" hits="2"/>
                <line number="254" hits="2"/>
                <line number="257" hits="4"/>
                <line number="258" hits="4"/>
                <line number="260" hits="4"/>
                <line number="262" hits="4"/>
                <line number="263" hits="2"/>
                <line number="266" hits="2"/>
                <line number="267" hits="2"/>
                <line number="268" hits="2"/>
                <line number="269" hits="2"/>
                <line number="270" hits="2"/>
                <line number="271" hits="2"/>
                <line number="272" hits="2"/>
                <line number="273" hits="2"/>
                <line number="274" hits="2"/>
                <line number="275" hits="2"/>
                <line number="276" hits="2"/>
                <line number="277" hits="2"/>
                <line number="279" hits="2"/>
                <line number="280" hits="2"/>
                <line number="281" hits="2"/>
                <line number="282" hits="2"/>
                <line number="284" hits="2"/>
                <line number="285" hits="2"/>
                <line number="286" hits="2"/>
                <line number="287" hits="2"/>
              </lines>
            </method>
            <method name="restore" signature="Playground\Admin\Models\Setting $setting, Playground\Admin\Resource\Http\Requests\Setting\RestoreRequest $request" line-rate="1" branch-rate="0" complexity="4">
              <lines>
                <line number="299" hits="4"/>
                <line number="301" hits="4"/>
                <line number="303" hits="4"/>
                <line number="305" hits="4"/>
                <line number="306" hits="2"/>
                <line number="309" hits="2"/>
                <line number="311" hits="2"/>
                <line number="312" hits="1"/>
                <line number="315" hits="1"/>
              </lines>
            </method>
            <method name="show" signature="Playground\Admin\Models\Setting $setting, Playground\Admin\Resource\Http\Requests\Setting\ShowRequest $request" line-rate="1" branch-rate="0" complexity="2">
              <lines>
                <line number="327" hits="2"/>
                <line number="329" hits="2"/>
                <line number="331" hits="2"/>
                <line number="332" hits="2"/>
                <line number="333" hits="2"/>
                <line number="334" hits="2"/>
                <line number="335" hits="2"/>
                <line number="336" hits="2"/>
                <line number="337" hits="2"/>
                <line number="339" hits="2"/>
                <line number="340" hits="1"/>
                <line number="343" hits="1"/>
                <line number="344" hits="1"/>
                <line number="346" hits="1"/>
                <line number="347" hits="1"/>
                <line number="348" hits="1"/>
                <line number="349" hits="1"/>
                <line number="351" hits="1"/>
                <line number="352" hits="1"/>
                <line number="353" hits="1"/>
                <line number="354" hits="1"/>
              </lines>
            </method>
            <method name="store" signature="Playground\Admin\Resource\Http\Requests\Setting\StoreRequest $request" line-rate="1" branch-rate="0" complexity="4">
              <lines>
                <line number="365" hits="3"/>
                <line number="367" hits="3"/>
                <line number="369" hits="3"/>
                <line number="371" hits="3"/>
                <line number="373" hits="3"/>
                <line number="374" hits="1"/>
                <line number="375" hits="1"/>
                <line number="376" hits="1"/>
                <line number="379" hits="2"/>
                <line number="381" hits="2"/>
                <line number="382" hits="1"/>
                <line number="385" hits="1"/>
              </lines>
            </method>
            <method name="unlock" signature="Playground\Admin\Models\Setting $setting, Playground\Admin\Resource\Http\Requests\Setting\UnlockRequest $request" line-rate="1" branch-rate="0" complexity="4">
              <lines>
                <line number="397" hits="4"/>
                <line number="399" hits="4"/>
                <line number="401" hits="4"/>
                <line number="403" hits="4"/>
                <line number="405" hits="4"/>
                <line number="406" hits="2"/>
                <line number="409" hits="2"/>
                <line number="411" hits="2"/>
                <line number="412" hits="1"/>
                <line number="415" hits="1"/>
              </lines>
            </method>
            <method name="update" signature="Playground\Admin\Models\Setting $setting, Playground\Admin\Resource\Http\Requests\Setting\UpdateRequest $request" line-rate="1" branch-rate="0" complexity="4">
              <lines>
                <line number="427" hits="3"/>
                <line number="429" hits="3"/>
                <line number="431" hits="3"/>
                <line number="433" hits="3"/>
                <line number="434" hits="1"/>
                <line number="437" hits="2"/>
                <line number="439" hits="2"/>
                <line number="440" hits="1"/>
                <line number="443" hits="1"/>
              </lines>
            </method>
          </methods>
          <lines>
            <line number="59" hits="3"/>
            <line number="61" hits="3"/>
            <line number="63" hits="3"/>
            <line number="65" hits="3"/>
            <line number="66" hits="3"/>
            <line number="67" hits="3"/>
            <line number="68" hits="3"/>
            <line number="69" hits="3"/>
            <line number="70" hits="3"/>
            <line number="71" hits="3"/>
            <line number="73" hits="3"/>
            <line number="74" hits="3"/>
            <line number="76" hits="3"/>
            <line number="77" hits="3"/>
            <line number="78" hits="3"/>
            <line number="79" hits="3"/>
            <line number="80" hits="3"/>
            <line number="82" hits="3"/>
            <line number="83" hits="1"/>
            <line number="86" hits="2"/>
            <line number="88" hits="2"/>
            <line number="89" hits="1"/>
            <line number="90" hits="1"/>
            <line number="93" hits="2"/>
            <line number="94" hits="2"/>
            <line number="97" hits="2"/>
            <line number="109" hits="3"/>
            <line number="111" hits="3"/>
            <line number="113" hits="3"/>
            <line number="114" hits="3"/>
            <line number="115" hits="3"/>
            <line number="116" hits="3"/>
            <line number="117" hits="3"/>
            <line number="118" hits="3"/>
            <line number="119" hits="3"/>
            <line number="121" hits="3"/>
            <line number="122" hits="3"/>
            <line number="124" hits="3"/>
            <line number="125" hits="3"/>
            <line number="126" hits="3"/>
            <line number="127" hits="3"/>
            <line number="128" hits="3"/>
            <line number="130" hits="3"/>
            <line number="131" hits="1"/>
            <line number="134" hits="2"/>
            <line number="136" hits="2"/>
            <line number="137" hits="1"/>
            <line number="138" hits="1"/>
            <line number="141" hits="2"/>
            <line number="143" hits="2"/>
            <line number="144" hits="2"/>
            <line number="145" hits="2"/>
            <line number="146" hits="2"/>
            <line number="158" hits="7"/>
            <line number="160" hits="7"/>
            <line number="161" hits="5"/>
            <line number="163" hits="2"/>
            <line number="166" hits="7"/>
            <line number="167" hits="4"/>
            <line number="170" hits="3"/>
            <line number="172" hits="3"/>
            <line number="173" hits="1"/>
            <line number="176" hits="2"/>
            <line number="188" hits="4"/>
            <line number="190" hits="4"/>
            <line number="192" hits="4"/>
            <line number="194" hits="4"/>
            <line number="196" hits="4"/>
            <line number="197" hits="4"/>
            <line number="198" hits="4"/>
            <line number="199" hits="4"/>
            <line number="200" hits="4"/>
            <line number="201" hits="4"/>
            <line number="204" hits="4"/>
            <line number="205" hits="2"/>
            <line number="208" hits="2"/>
            <line number="210" hits="2"/>
            <line number="211" hits="1"/>
            <line number="214" hits="1"/>
            <line number="225" hits="4"/>
            <line number="227" hits="4"/>
            <line number="229" hits="4"/>
            <line number="231" hits="4"/>
            <line number="233" hits="4"/>
            <line number="234" hits="2"/>
            <line number="236" hits="2"/>
            <line number="237" hits="2"/>
            <line number="238" hits="2"/>
            <line number="239" hits="2"/>
            <line number="241" hits="2"/>
            <line number="242" hits="2"/>
            <line number="243" hits="2"/>
            <line number="244" hits="2"/>
            <line number="246" hits="2"/>
            <line number="247" hits="2"/>
            <line number="248" hits="2"/>
            <line number="249" hits="2"/>
            <line number="251" hits="2"/>
            <line number="252" hits="2"/>
            <line number="253" hits="2"/>
            <line number="254" hits="2"/>
            <line number="257" hits="4"/>
            <line number="258" hits="4"/>
            <line number="260" hits="4"/>
            <line number="262" hits="4"/>
            <line number="263" hits="2"/>
            <line number="266" hits="2"/>
            <line number="267" hits="2"/>
            <line number="268" hits="2"/>
            <line number="269" hits="2"/>
            <line number="270" hits="2"/>
            <line number="271" hits="2"/>
            <line number="272" hits="2"/>
            <line number="273" hits="2"/>
            <line number="274" hits="2"/>
            <line number="275" hits="2"/>
            <line number="276" hits="2"/>
            <line number="277" hits="2"/>
            <line number="279" hits="2"/>
            <line number="280" hits="2"/>
            <line number="281" hits="2"/>
            <line number="282" hits="2"/>
            <line number="284" hits="2"/>
            <line number="285" hits="2"/>
            <line number="286" hits="2"/>
            <line number="287" hits="2"/>
            <line number="299" hits="4"/>
            <line number="301" hits="4"/>
            <line number="303" hits="4"/>
            <line number="305" hits="4"/>
            <line number="306" hits="2"/>
            <line number="309" hits="2"/>
            <line number="311" hits="2"/>
            <line number="312" hits="1"/>
            <line number="315" hits="1"/>
            <line number="327" hits="2"/>
            <line number="329" hits="2"/>
            <line number="331" hits="2"/>
            <line number="332" hits="2"/>
            <line number="333" hits="2"/>
            <line number="334" hits="2"/>
            <line number="335" hits="2"/>
            <line number="336" hits="2"/>
            <line number="337" hits="2"/>
            <line number="339" hits="2"/>
            <line number="340" hits="1"/>
            <line number="343" hits="1"/>
            <line number="344" hits="1"/>
            <line number="346" hits="1"/>
            <line number="347" hits="1"/>
            <line number="348" hits="1"/>
            <line number="349" hits="1"/>
            <line number="351" hits="1"/>
            <line number="352" hits="1"/>
            <line number="353" hits="1"/>
            <line number="354" hits="1"/>
            <line number="365" hits="3"/>
            <line number="367" hits="3"/>
            <line number="369" hits="3"/>
            <line number="371" hits="3"/>
            <line number="373" hits="3"/>
            <line number="374" hits="1"/>
            <line number="375" hits="1"/>
            <line number="376" hits="1"/>
            <line number="379" hits="2"/>
            <line number="381" hits="2"/>
            <line number="382" hits="1"/>
            <line number="385" hits="1"/>
            <line number="397" hits="4"/>
            <line number="399" hits="4"/>
            <line number="401" hits="4"/>
            <line number="403" hits="4"/>
            <line number="405" hits="4"/>
            <line number="406" hits="2"/>
            <line number="409" hits="2"/>
            <line number="411" hits="2"/>
            <line number="412" hits="1"/>
            <line number="415" hits="1"/>
            <line number="427" hits="3"/>
            <line number="429" hits="3"/>
            <line number="431" hits="3"/>
            <line number="433" hits="3"/>
            <line number="434" hits="1"/>
            <line number="437" hits="2"/>
            <line number="439" hits="2"/>
            <line number="440" hits="1"/>
            <line number="443" hits="1"/>
          </lines>
        </class>
      </classes>
    </package>
    <package name="vendor/gammamatrix/playground-admin-resource/src/Http/Controllers/UserController.php" line-rate="1" branch-rate="0" complexity="47">
      <classes>
        <class name="Playground\Admin\Resource\Http\Controllers\UserController" filename="vendor/gammamatrix/playground-admin-resource/src/Http/Controllers/UserController.php" line-rate="1" branch-rate="0" complexity="47">
          <methods>
            <method name="create" signature="Playground\Admin\Resource\Http\Requests\User\CreateRequest $request" line-rate="1" branch-rate="0" complexity="4">
              <lines>
                <line number="61" hits="3"/>
                <line number="63" hits="3"/>
                <line number="65" hits="3"/>
                <line number="67" hits="3"/>
                <line number="68" hits="3"/>
                <line number="69" hits="3"/>
                <line number="70" hits="3"/>
                <line number="71" hits="3"/>
                <line number="72" hits="3"/>
                <line number="73" hits="3"/>
                <line number="75" hits="3"/>
                <line number="76" hits="3"/>
                <line number="78" hits="3"/>
                <line number="79" hits="3"/>
                <line number="80" hits="3"/>
                <line number="81" hits="3"/>
                <line number="82" hits="3"/>
                <line number="84" hits="3"/>
                <line number="85" hits="1"/>
                <line number="88" hits="2"/>
                <line number="90" hits="2"/>
                <line number="91" hits="1"/>
                <line number="92" hits="1"/>
                <line number="95" hits="2"/>
                <line number="96" hits="2"/>
                <line number="99" hits="2"/>
              </lines>
            </method>
            <method name="edit" signature="string|int $id, Playground\Admin\Resource\Http\Requests\User\EditRequest $request" line-rate="1" branch-rate="0" complexity="3">
              <lines>
                <line number="111" hits="3"/>
                <line number="113" hits="3"/>
                <line number="115" hits="3"/>
                <line number="117" hits="3"/>
                <line number="118" hits="3"/>
                <line number="119" hits="3"/>
                <line number="120" hits="3"/>
                <line number="121" hits="3"/>
                <line number="122" hits="3"/>
                <line number="123" hits="3"/>
                <line number="125" hits="3"/>
                <line number="126" hits="3"/>
                <line number="128" hits="3"/>
                <line number="129" hits="3"/>
                <line number="130" hits="3"/>
                <line number="131" hits="3"/>
                <line number="132" hits="3"/>
                <line number="134" hits="3"/>
                <line number="135" hits="1"/>
                <line number="138" hits="2"/>
                <line number="140" hits="2"/>
                <line number="141" hits="1"/>
                <line number="142" hits="1"/>
                <line number="145" hits="2"/>
                <line number="147" hits="2"/>
                <line number="148" hits="2"/>
                <line number="149" hits="2"/>
                <line number="150" hits="2"/>
              </lines>
            </method>
            <method name="destroy" signature="string|int $id, Playground\Admin\Resource\Http\Requests\User\DestroyRequest $request" line-rate="1" branch-rate="0" complexity="5">
              <lines>
                <line number="162" hits="7"/>
                <line number="164" hits="7"/>
                <line number="165" hits="7"/>
                <line number="166" hits="7"/>
                <line number="167" hits="7"/>
                <line number="169" hits="7"/>
                <line number="170" hits="5"/>
                <line number="172" hits="2"/>
                <line number="175" hits="7"/>
                <line number="176" hits="4"/>
                <line number="179" hits="3"/>
                <line number="181" hits="3"/>
                <line number="182" hits="1"/>
                <line number="185" hits="2"/>
              </lines>
            </method>
            <method name="lock" signature="string|int $id, Playground\Admin\Resource\Http\Requests\User\LockRequest $request" line-rate="1" branch-rate="0" complexity="4">
              <lines>
                <line number="197" hits="4"/>
                <line number="199" hits="4"/>
                <line number="201" hits="4"/>
                <line number="203" hits="4"/>
                <line number="205" hits="4"/>
                <line number="207" hits="4"/>
                <line number="208" hits="4"/>
                <line number="209" hits="4"/>
                <line number="210" hits="4"/>
                <line number="211" hits="4"/>
                <line number="212" hits="4"/>
                <line number="215" hits="4"/>
                <line number="216" hits="2"/>
                <line number="219" hits="2"/>
                <line number="221" hits="2"/>
                <line number="222" hits="1"/>
                <line number="225" hits="1"/>
              </lines>
            </method>
            <method name="index" signature="Playground\Admin\Resource\Http\Requests\User\IndexRequest $request" line-rate="1" branch-rate="0" complexity="12">
              <lines>
                <line number="236" hits="4"/>
                <line number="238" hits="4"/>
                <line number="245" hits="4"/>
                <line number="248" hits="4"/>
                <line number="250" hits="4"/>
                <line number="251" hits="4"/>
                <line number="254" hits="4"/>
                <line number="256" hits="2"/>
                <line number="257" hits="2"/>
                <line number="260" hits="2"/>
                <line number="261" hits="2"/>
                <line number="262" hits="2"/>
                <line number="263" hits="2"/>
                <line number="264" hits="2"/>
                <line number="267" hits="2"/>
                <line number="268" hits="2"/>
                <line number="269" hits="2"/>
                <line number="270" hits="2"/>
                <line number="271" hits="2"/>
                <line number="274" hits="2"/>
                <line number="275" hits="2"/>
                <line number="276" hits="2"/>
                <line number="277" hits="2"/>
                <line number="278" hits="2"/>
                <line number="281" hits="2"/>
                <line number="282" hits="2"/>
                <line number="283" hits="2"/>
                <line number="284" hits="2"/>
                <line number="285" hits="2"/>
                <line number="289" hits="4"/>
                <line number="290" hits="4"/>
                <line number="292" hits="4"/>
                <line number="294" hits="4"/>
                <line number="295" hits="2"/>
                <line number="298" hits="2"/>
                <line number="299" hits="2"/>
                <line number="300" hits="2"/>
                <line number="301" hits="2"/>
                <line number="302" hits="2"/>
                <line number="303" hits="2"/>
                <line number="304" hits="2"/>
                <line number="305" hits="2"/>
                <line number="306" hits="2"/>
                <line number="307" hits="2"/>
                <line number="308" hits="2"/>
                <line number="309" hits="2"/>
                <line number="311" hits="2"/>
                <line number="312" hits="2"/>
                <line number="313" hits="2"/>
                <line number="314" hits="2"/>
                <line number="316" hits="2"/>
                <line number="317" hits="2"/>
                <line number="318" hits="2"/>
                <line number="319" hits="2"/>
              </lines>
            </method>
            <method name="restore" signature="string|int $id, Playground\Admin\Resource\Http\Requests\User\RestoreRequest $request" line-rate="1" branch-rate="0" complexity="5">
              <lines>
                <line number="331" hits="4"/>
                <line number="333" hits="4"/>
                <line number="334" hits="4"/>
                <line number="335" hits="4"/>
                <line number="336" hits="4"/>
                <line number="340" hits="4"/>
                <line number="341" hits="4"/>
                <line number="344" hits="4"/>
                <line number="345" hits="2"/>
                <line number="348" hits="2"/>
                <line number="350" hits="2"/>
                <line number="351" hits="1"/>
                <line number="354" hits="1"/>
              </lines>
            </method>
            <method name="show" signature="string|int $id, Playground\Admin\Resource\Http\Requests\User\ShowRequest $request" line-rate="1" branch-rate="0" complexity="2">
              <lines>
                <line number="366" hits="2"/>
                <line number="368" hits="2"/>
                <line number="370" hits="2"/>
                <line number="372" hits="2"/>
                <line number="373" hits="2"/>
                <line number="374" hits="2"/>
                <line number="375" hits="2"/>
                <line number="376" hits="2"/>
                <line number="377" hits="2"/>
                <line number="378" hits="2"/>
                <line number="380" hits="2"/>
                <line number="381" hits="1"/>
                <line number="384" hits="1"/>
                <line number="385" hits="1"/>
                <line number="387" hits="1"/>
                <line number="388" hits="1"/>
                <line number="389" hits="1"/>
                <line number="390" hits="1"/>
                <line number="392" hits="1"/>
                <line number="393" hits="1"/>
                <line number="394" hits="1"/>
                <line number="395" hits="1"/>
              </lines>
            </method>
            <method name="store" signature="Playground\Admin\Resource\Http\Requests\User\StoreRequest $request" line-rate="1" branch-rate="0" complexity="4">
              <lines>
                <line number="406" hits="3"/>
                <line number="408" hits="3"/>
                <line number="412" hits="3"/>
                <line number="414" hits="3"/>
                <line number="415" hits="1"/>
                <line number="416" hits="1"/>
                <line number="417" hits="1"/>
                <line number="420" hits="2"/>
                <line number="422" hits="2"/>
                <line number="423" hits="1"/>
                <line number="426" hits="1"/>
              </lines>
            </method>
            <method name="unlock" signature="string|int $id, Playground\Admin\Resource\Http\Requests\User\UnlockRequest $request" line-rate="1" branch-rate="0" complexity="4">
              <lines>
                <line number="438" hits="4"/>
                <line number="440" hits="4"/>
                <line number="444" hits="4"/>
                <line number="446" hits="4"/>
                <line number="448" hits="4"/>
                <line number="449" hits="2"/>
                <line number="452" hits="2"/>
                <line number="454" hits="2"/>
                <line number="455" hits="1"/>
                <line number="458" hits="1"/>
              </lines>
            </method>
            <method name="update" signature="string|int $id, Playground\Admin\Resource\Http\Requests\User\UpdateRequest $request" line-rate="1" branch-rate="0" complexity="4">
              <lines>
                <line number="470" hits="3"/>
                <line number="472" hits="3"/>
                <line number="474" hits="3"/>
                <line number="476" hits="3"/>
                <line number="477" hits="1"/>
                <line number="480" hits="2"/>
                <line number="482" hits="2"/>
                <line number="483" hits="1"/>
                <line number="486" hits="1"/>
              </lines>
            </method>
          </methods>
          <lines>
            <line number="61" hits="3"/>
            <line number="63" hits="3"/>
            <line number="65" hits="3"/>
            <line number="67" hits="3"/>
            <line number="68" hits="3"/>
            <line number="69" hits="3"/>
            <line number="70" hits="3"/>
            <line number="71" hits="3"/>
            <line number="72" hits="3"/>
            <line number="73" hits="3"/>
            <line number="75" hits="3"/>
            <line number="76" hits="3"/>
            <line number="78" hits="3"/>
            <line number="79" hits="3"/>
            <line number="80" hits="3"/>
            <line number="81" hits="3"/>
            <line number="82" hits="3"/>
            <line number="84" hits="3"/>
            <line number="85" hits="1"/>
            <line number="88" hits="2"/>
            <line number="90" hits="2"/>
            <line number="91" hits="1"/>
            <line number="92" hits="1"/>
            <line number="95" hits="2"/>
            <line number="96" hits="2"/>
            <line number="99" hits="2"/>
            <line number="111" hits="3"/>
            <line number="113" hits="3"/>
            <line number="115" hits="3"/>
            <line number="117" hits="3"/>
            <line number="118" hits="3"/>
            <line number="119" hits="3"/>
            <line number="120" hits="3"/>
            <line number="121" hits="3"/>
            <line number="122" hits="3"/>
            <line number="123" hits="3"/>
            <line number="125" hits="3"/>
            <line number="126" hits="3"/>
            <line number="128" hits="3"/>
            <line number="129" hits="3"/>
            <line number="130" hits="3"/>
            <line number="131" hits="3"/>
            <line number="132" hits="3"/>
            <line number="134" hits="3"/>
            <line number="135" hits="1"/>
            <line number="138" hits="2"/>
            <line number="140" hits="2"/>
            <line number="141" hits="1"/>
            <line number="142" hits="1"/>
            <line number="145" hits="2"/>
            <line number="147" hits="2"/>
            <line number="148" hits="2"/>
            <line number="149" hits="2"/>
            <line number="150" hits="2"/>
            <line number="162" hits="7"/>
            <line number="164" hits="7"/>
            <line number="165" hits="7"/>
            <line number="166" hits="7"/>
            <line number="167" hits="7"/>
            <line number="169" hits="7"/>
            <line number="170" hits="5"/>
            <line number="172" hits="2"/>
            <line number="175" hits="7"/>
            <line number="176" hits="4"/>
            <line number="179" hits="3"/>
            <line number="181" hits="3"/>
            <line number="182" hits="1"/>
            <line number="185" hits="2"/>
            <line number="197" hits="4"/>
            <line number="199" hits="4"/>
            <line number="201" hits="4"/>
            <line number="203" hits="4"/>
            <line number="205" hits="4"/>
            <line number="207" hits="4"/>
            <line number="208" hits="4"/>
            <line number="209" hits="4"/>
            <line number="210" hits="4"/>
            <line number="211" hits="4"/>
            <line number="212" hits="4"/>
            <line number="215" hits="4"/>
            <line number="216" hits="2"/>
            <line number="219" hits="2"/>
            <line number="221" hits="2"/>
            <line number="222" hits="1"/>
            <line number="225" hits="1"/>
            <line number="236" hits="4"/>
            <line number="238" hits="4"/>
            <line number="245" hits="4"/>
            <line number="248" hits="4"/>
            <line number="250" hits="4"/>
            <line number="251" hits="4"/>
            <line number="254" hits="4"/>
            <line number="256" hits="2"/>
            <line number="257" hits="2"/>
            <line number="260" hits="2"/>
            <line number="261" hits="2"/>
            <line number="262" hits="2"/>
            <line number="263" hits="2"/>
            <line number="264" hits="2"/>
            <line number="267" hits="2"/>
            <line number="268" hits="2"/>
            <line number="269" hits="2"/>
            <line number="270" hits="2"/>
            <line number="271" hits="2"/>
            <line number="274" hits="2"/>
            <line number="275" hits="2"/>
            <line number="276" hits="2"/>
            <line number="277" hits="2"/>
            <line number="278" hits="2"/>
            <line number="281" hits="2"/>
            <line number="282" hits="2"/>
            <line number="283" hits="2"/>
            <line number="284" hits="2"/>
            <line number="285" hits="2"/>
            <line number="289" hits="4"/>
            <line number="290" hits="4"/>
            <line number="292" hits="4"/>
            <line number="294" hits="4"/>
            <line number="295" hits="2"/>
            <line number="298" hits="2"/>
            <line number="299" hits="2"/>
            <line number="300" hits="2"/>
            <line number="301" hits="2"/>
            <line number="302" hits="2"/>
            <line number="303" hits="2"/>
            <line number="304" hits="2"/>
            <line number="305" hits="2"/>
            <line number="306" hits="2"/>
            <line number="307" hits="2"/>
            <line number="308" hits="2"/>
            <line number="309" hits="2"/>
            <line number="311" hits="2"/>
            <line number="312" hits="2"/>
            <line number="313" hits="2"/>
            <line number="314" hits="2"/>
            <line number="316" hits="2"/>
            <line number="317" hits="2"/>
            <line number="318" hits="2"/>
            <line number="319" hits="2"/>
            <line number="331" hits="4"/>
            <line number="333" hits="4"/>
            <line number="334" hits="4"/>
            <line number="335" hits="4"/>
            <line number="336" hits="4"/>
            <line number="340" hits="4"/>
            <line number="341" hits="4"/>
            <line number="344" hits="4"/>
            <line number="345" hits="2"/>
            <line number="348" hits="2"/>
            <line number="350" hits="2"/>
            <line number="351" hits="1"/>
            <line number="354" hits="1"/>
            <line number="366" hits="2"/>
            <line number="368" hits="2"/>
            <line number="370" hits="2"/>
            <line number="372" hits="2"/>
            <line number="373" hits="2"/>
            <line number="374" hits="2"/>
            <line number="375" hits="2"/>
            <line number="376" hits="2"/>
            <line number="377" hits="2"/>
            <line number="378" hits="2"/>
            <line number="380" hits="2"/>
            <line number="381" hits="1"/>
            <line number="384" hits="1"/>
            <line number="385" hits="1"/>
            <line number="387" hits="1"/>
            <line number="388" hits="1"/>
            <line number="389" hits="1"/>
            <line number="390" hits="1"/>
            <line number="392" hits="1"/>
            <line number="393" hits="1"/>
            <line number="394" hits="1"/>
            <line number="395" hits="1"/>
            <line number="406" hits="3"/>
            <line number="408" hits="3"/>
            <line number="412" hits="3"/>
            <line number="414" hits="3"/>
            <line number="415" hits="1"/>
            <line number="416" hits="1"/>
            <line number="417" hits="1"/>
            <line number="420" hits="2"/>
            <line number="422" hits="2"/>
            <line number="423" hits="1"/>
            <line number="426" hits="1"/>
            <line number="438" hits="4"/>
            <line number="440" hits="4"/>
            <line number="444" hits="4"/>
            <line number="446" hits="4"/>
            <line number="448" hits="4"/>
            <line number="449" hits="2"/>
            <line number="452" hits="2"/>
            <line number="454" hits="2"/>
            <line number="455" hits="1"/>
            <line number="458" hits="1"/>
            <line number="470" hits="3"/>
            <line number="472" hits="3"/>
            <line number="474" hits="3"/>
            <line number="476" hits="3"/>
            <line number="477" hits="1"/>
            <line number="480" hits="2"/>
            <line number="482" hits="2"/>
            <line number="483" hits="1"/>
            <line number="486" hits="1"/>
          </lines>
        </class>
      </classes>
    </package>
    <package name="vendor/gammamatrix/playground-admin-resource/src/Http/Requests/FormRequest.php" line-rate="1" branch-rate="0" complexity="8">
      <classes>
        <class name="Playground\Admin\Resource\Http\Requests\FormRequest" filename="vendor/gammamatrix/playground-admin-resource/src/Http/Requests/FormRequest.php" line-rate="1" branch-rate="0" complexity="8">
          <methods>
            <method name="authorize" signature="" line-rate="1" branch-rate="0" complexity="3">
              <lines>
                <line number="26" hits="72"/>
                <line number="28" hits="72"/>
                <line number="29" hits="1"/>
                <line number="32" hits="71"/>
              </lines>
            </method>
            <method name="rules" signature="" line-rate="1" branch-rate="0" complexity="2">
              <lines>
                <line number="42" hits="53"/>
                <line number="44" hits="53"/>
              </lines>
            </method>
            <method name="userHasAdminPrivileges" signature="Illuminate\Contracts\Auth\Authenticatable $user" line-rate="1" branch-rate="0" complexity="3">
              <lines>
                <line number="49" hits="17"/>
                <line number="50" hits="17"/>
                <line number="51" hits="16"/>
                <line number="52" hits="15"/>
                <line number="55" hits="1"/>
                <line number="59" hits="17"/>
              </lines>
            </method>
          </methods>
          <lines>
            <line number="26" hits="72"/>
            <line number="28" hits="72"/>
            <line number="29" hits="1"/>
            <line number="32" hits="71"/>
            <line number="42" hits="53"/>
            <line number="44" hits="53"/>
            <line number="49" hits="17"/>
            <line number="50" hits="17"/>
            <line number="51" hits="16"/>
            <line number="52" hits="15"/>
            <line number="55" hits="1"/>
            <line number="59" hits="17"/>
          </lines>
        </class>
      </classes>
    </package>
    <package name="vendor/gammamatrix/playground-admin-resource/src/Http/Requests/Setting/CreateRequest.php" line-rate="0" branch-rate="0" complexity="0">
      <classes>
        <class name="Playground\Admin\Resource\Http\Requests\Setting\CreateRequest" filename="vendor/gammamatrix/playground-admin-resource/src/Http/Requests/Setting/CreateRequest.php" line-rate="0" branch-rate="0" complexity="0">
          <methods/>
          <lines/>
        </class>
      </classes>
    </package>
    <package name="vendor/gammamatrix/playground-admin-resource/src/Http/Requests/Setting/DestroyRequest.php" line-rate="1" branch-rate="0" complexity="2">
      <classes>
        <class name="Playground\Admin\Resource\Http\Requests\Setting\DestroyRequest" filename="vendor/gammamatrix/playground-admin-resource/src/Http/Requests/Setting/DestroyRequest.php" line-rate="1" branch-rate="0" complexity="2">
          <methods>
            <method name="rules" signature="" line-rate="1" branch-rate="0" complexity="2">
              <lines>
                <line number="28" hits="7"/>
                <line number="30" hits="7"/>
                <line number="32" hits="7"/>
                <line number="33" hits="7"/>
                <line number="36" hits="7"/>
              </lines>
            </method>
          </methods>
          <lines>
            <line number="28" hits="7"/>
            <line number="30" hits="7"/>
            <line number="32" hits="7"/>
            <line number="33" hits="7"/>
            <line number="36" hits="7"/>
          </lines>
        </class>
      </classes>
    </package>
    <package name="vendor/gammamatrix/playground-admin-resource/src/Http/Requests/Setting/EditRequest.php" line-rate="0" branch-rate="0" complexity="0">
      <classes>
        <class name="Playground\Admin\Resource\Http\Requests\Setting\EditRequest" filename="vendor/gammamatrix/playground-admin-resource/src/Http/Requests/Setting/EditRequest.php" line-rate="0" branch-rate="0" complexity="0">
          <methods/>
          <lines/>
        </class>
      </classes>
    </package>
    <package name="vendor/gammamatrix/playground-admin-resource/src/Http/Requests/Setting/IndexRequest.php" line-rate="0" branch-rate="0" complexity="0">
      <classes>
        <class name="Playground\Admin\Resource\Http\Requests\Setting\IndexRequest" filename="vendor/gammamatrix/playground-admin-resource/src/Http/Requests/Setting/IndexRequest.php" line-rate="0" branch-rate="0" complexity="0">
          <methods/>
          <lines/>
        </class>
      </classes>
    </package>
    <package name="vendor/gammamatrix/playground-admin-resource/src/Http/Requests/Setting/LockRequest.php" line-rate="0" branch-rate="0" complexity="0">
      <classes>
        <class name="Playground\Admin\Resource\Http\Requests\Setting\LockRequest" filename="vendor/gammamatrix/playground-admin-resource/src/Http/Requests/Setting/LockRequest.php" line-rate="0" branch-rate="0" complexity="0">
          <methods/>
          <lines/>
        </class>
      </classes>
    </package>
    <package name="vendor/gammamatrix/playground-admin-resource/src/Http/Requests/Setting/RestoreRequest.php" line-rate="0" branch-rate="0" complexity="0">
      <classes>
        <class name="Playground\Admin\Resource\Http\Requests\Setting\RestoreRequest" filename="vendor/gammamatrix/playground-admin-resource/src/Http/Requests/Setting/RestoreRequest.php" line-rate="0" branch-rate="0" complexity="0">
          <methods/>
          <lines/>
        </class>
      </classes>
    </package>
    <package name="vendor/gammamatrix/playground-admin-resource/src/Http/Requests/Setting/ShowRequest.php" line-rate="0" branch-rate="0" complexity="0">
      <classes>
        <class name="Playground\Admin\Resource\Http\Requests\Setting\ShowRequest" filename="vendor/gammamatrix/playground-admin-resource/src/Http/Requests/Setting/ShowRequest.php" line-rate="0" branch-rate="0" complexity="0">
          <methods/>
          <lines/>
        </class>
      </classes>
    </package>
    <package name="vendor/gammamatrix/playground-admin-resource/src/Http/Requests/Setting/StoreRequest.php" line-rate="1" branch-rate="0" complexity="2">
      <classes>
        <class name="Playground\Admin\Resource\Http\Requests\Setting\StoreRequest" filename="vendor/gammamatrix/playground-admin-resource/src/Http/Requests/Setting/StoreRequest.php" line-rate="1" branch-rate="0" complexity="2">
          <methods>
            <method name="prepareForValidation" signature="" line-rate="1" branch-rate="0" complexity="2">
              <lines>
                <line number="92" hits="5"/>
                <line number="94" hits="5"/>
                <line number="96" hits="5"/>
                <line number="97" hits="5"/>
                <line number="98" hits="5"/>
                <line number="99" hits="5"/>
                <line number="101" hits="5"/>
                <line number="102" hits="3"/>
              </lines>
            </method>
          </methods>
          <lines>
            <line number="92" hits="5"/>
            <line number="94" hits="5"/>
            <line number="96" hits="5"/>
            <line number="97" hits="5"/>
            <line number="98" hits="5"/>
            <line number="99" hits="5"/>
            <line number="101" hits="5"/>
            <line number="102" hits="3"/>
          </lines>
        </class>
      </classes>
    </package>
    <package name="vendor/gammamatrix/playground-admin-resource/src/Http/Requests/Setting/UnlockRequest.php" line-rate="0" branch-rate="0" complexity="0">
      <classes>
        <class name="Playground\Admin\Resource\Http\Requests\Setting\UnlockRequest" filename="vendor/gammamatrix/playground-admin-resource/src/Http/Requests/Setting/UnlockRequest.php" line-rate="0" branch-rate="0" complexity="0">
          <methods/>
          <lines/>
        </class>
      </classes>
    </package>
    <package name="vendor/gammamatrix/playground-admin-resource/src/Http/Requests/Setting/UpdateRequest.php" line-rate="1" branch-rate="0" complexity="2">
      <classes>
        <class name="Playground\Admin\Resource\Http\Requests\Setting\UpdateRequest" filename="vendor/gammamatrix/playground-admin-resource/src/Http/Requests/Setting/UpdateRequest.php" line-rate="1" branch-rate="0" complexity="2">
          <methods>
            <method name="prepareForValidation" signature="" line-rate="1" branch-rate="0" complexity="2">
              <lines>
                <line number="93" hits="5"/>
                <line number="95" hits="5"/>
                <line number="97" hits="5"/>
                <line number="98" hits="5"/>
                <line number="99" hits="5"/>
                <line number="100" hits="5"/>
                <line number="102" hits="5"/>
                <line number="103" hits="3"/>
              </lines>
            </method>
          </methods>
          <lines>
            <line number="93" hits="5"/>
            <line number="95" hits="5"/>
            <line number="97" hits="5"/>
            <line number="98" hits="5"/>
            <line number="99" hits="5"/>
            <line number="100" hits="5"/>
            <line number="102" hits="5"/>
            <line number="103" hits="3"/>
          </lines>
        </class>
      </classes>
    </package>
    <package name="vendor/gammamatrix/playground-admin-resource/src/Http/Requests/User/CreateRequest.php" line-rate="1" branch-rate="0" complexity="4">
      <classes>
        <class name="Playground\Admin\Resource\Http\Requests\User\CreateRequest" filename="vendor/gammamatrix/playground-admin-resource/src/Http/Requests/User/CreateRequest.php" line-rate="1" branch-rate="0" complexity="4">
          <methods>
            <method name="rules" signature="" line-rate="1" branch-rate="0" complexity="4">
              <lines>
                <line number="79" hits="7"/>
                <line number="80" hits="6"/>
                <line number="82" hits="1"/>
                <line number="85" hits="7"/>
              </lines>
            </method>
          </methods>
          <lines>
            <line number="79" hits="7"/>
            <line number="80" hits="6"/>
            <line number="82" hits="1"/>
            <line number="85" hits="7"/>
          </lines>
        </class>
      </classes>
    </package>
    <package name="vendor/gammamatrix/playground-admin-resource/src/Http/Requests/User/DestroyRequest.php" line-rate="1" branch-rate="0" complexity="2">
      <classes>
        <class name="Playground\Admin\Resource\Http\Requests\User\DestroyRequest" filename="vendor/gammamatrix/playground-admin-resource/src/Http/Requests/User/DestroyRequest.php" line-rate="1" branch-rate="0" complexity="2">
          <methods>
            <method name="rules" signature="" line-rate="1" branch-rate="0" complexity="2">
              <lines>
                <line number="28" hits="7"/>
                <line number="30" hits="7"/>
                <line number="32" hits="7"/>
                <line number="33" hits="7"/>
                <line number="36" hits="7"/>
              </lines>
            </method>
          </methods>
          <lines>
            <line number="28" hits="7"/>
            <line number="30" hits="7"/>
            <line number="32" hits="7"/>
            <line number="33" hits="7"/>
            <line number="36" hits="7"/>
          </lines>
        </class>
      </classes>
    </package>
    <package name="vendor/gammamatrix/playground-admin-resource/src/Http/Requests/User/EditRequest.php" line-rate="1" branch-rate="0" complexity="4">
      <classes>
        <class name="Playground\Admin\Resource\Http\Requests\User\EditRequest" filename="vendor/gammamatrix/playground-admin-resource/src/Http/Requests/User/EditRequest.php" line-rate="1" branch-rate="0" complexity="4">
          <methods>
            <method name="rules" signature="" line-rate="1" branch-rate="0" complexity="4">
              <lines>
                <line number="79" hits="7"/>
                <line number="80" hits="6"/>
                <line number="82" hits="1"/>
                <line number="85" hits="7"/>
              </lines>
            </method>
          </methods>
          <lines>
            <line number="79" hits="7"/>
            <line number="80" hits="6"/>
            <line number="82" hits="1"/>
            <line number="85" hits="7"/>
          </lines>
        </class>
      </classes>
    </package>
    <package name="vendor/gammamatrix/playground-admin-resource/src/Http/Requests/User/IndexRequest.php" line-rate="0" branch-rate="0" complexity="0">
      <classes>
        <class name="Playground\Admin\Resource\Http\Requests\User\IndexRequest" filename="vendor/gammamatrix/playground-admin-resource/src/Http/Requests/User/IndexRequest.php" line-rate="0" branch-rate="0" complexity="0">
          <methods/>
          <lines/>
        </class>
      </classes>
    </package>
    <package name="vendor/gammamatrix/playground-admin-resource/src/Http/Requests/User/LockRequest.php" line-rate="0" branch-rate="0" complexity="0">
      <classes>
        <class name="Playground\Admin\Resource\Http\Requests\User\LockRequest" filename="vendor/gammamatrix/playground-admin-resource/src/Http/Requests/User/LockRequest.php" line-rate="0" branch-rate="0" complexity="0">
          <methods/>
          <lines/>
        </class>
      </classes>
    </package>
    <package name="vendor/gammamatrix/playground-admin-resource/src/Http/Requests/User/RestoreRequest.php" line-rate="0" branch-rate="0" complexity="0">
      <classes>
        <class name="Playground\Admin\Resource\Http\Requests\User\RestoreRequest" filename="vendor/gammamatrix/playground-admin-resource/src/Http/Requests/User/RestoreRequest.php" line-rate="0" branch-rate="0" complexity="0">
          <methods/>
          <lines/>
        </class>
      </classes>
    </package>
    <package name="vendor/gammamatrix/playground-admin-resource/src/Http/Requests/User/ShowRequest.php" line-rate="0" branch-rate="0" complexity="0">
      <classes>
        <class name="Playground\Admin\Resource\Http\Requests\User\ShowRequest" filename="vendor/gammamatrix/playground-admin-resource/src/Http/Requests/User/ShowRequest.php" line-rate="0" branch-rate="0" complexity="0">
          <methods/>
          <lines/>
        </class>
      </classes>
    </package>
    <package name="vendor/gammamatrix/playground-admin-resource/src/Http/Requests/User/StoreRequest.php" line-rate="1" branch-rate="0" complexity="9">
      <classes>
        <class name="Playground\Admin\Resource\Http\Requests\User\StoreRequest" filename="vendor/gammamatrix/playground-admin-resource/src/Http/Requests/User/StoreRequest.php" line-rate="1" branch-rate="0" complexity="9">
          <methods>
            <method name="prepareForValidation" signature="" line-rate="1" branch-rate="0" complexity="5">
              <lines>
                <line number="87" hits="8"/>
                <line number="89" hits="8"/>
                <line number="90" hits="1"/>
                <line number="93" hits="7"/>
                <line number="95" hits="7"/>
                <line number="96" hits="7"/>
                <line number="97" hits="7"/>
                <line number="98" hits="7"/>
                <line number="100" hits="7"/>
                <line number="101" hits="4"/>
                <line number="104" hits="7"/>
                <line number="105" hits="4"/>
                <line number="108" hits="7"/>
                <line number="109" hits="4"/>
              </lines>
            </method>
            <method name="rules" signature="" line-rate="1" branch-rate="0" complexity="4">
              <lines>
                <line number="120" hits="7"/>
                <line number="121" hits="6"/>
                <line number="123" hits="1"/>
                <line number="126" hits="7"/>
              </lines>
            </method>
          </methods>
          <lines>
            <line number="87" hits="8"/>
            <line number="89" hits="8"/>
            <line number="90" hits="1"/>
            <line number="93" hits="7"/>
            <line number="95" hits="7"/>
            <line number="96" hits="7"/>
            <line number="97" hits="7"/>
            <line number="98" hits="7"/>
            <line number="100" hits="7"/>
            <line number="101" hits="4"/>
            <line number="104" hits="7"/>
            <line number="105" hits="4"/>
            <line number="108" hits="7"/>
            <line number="109" hits="4"/>
            <line number="120" hits="7"/>
            <line number="121" hits="6"/>
            <line number="123" hits="1"/>
            <line number="126" hits="7"/>
          </lines>
        </class>
      </classes>
    </package>
    <package name="vendor/gammamatrix/playground-admin-resource/src/Http/Requests/User/UnlockRequest.php" line-rate="0" branch-rate="0" complexity="0">
      <classes>
        <class name="Playground\Admin\Resource\Http\Requests\User\UnlockRequest" filename="vendor/gammamatrix/playground-admin-resource/src/Http/Requests/User/UnlockRequest.php" line-rate="0" branch-rate="0" complexity="0">
          <methods/>
          <lines/>
        </class>
      </classes>
    </package>
    <package name="vendor/gammamatrix/playground-admin-resource/src/Http/Requests/User/UpdateRequest.php" line-rate="1" branch-rate="0" complexity="9">
      <classes>
        <class name="Playground\Admin\Resource\Http\Requests\User\UpdateRequest" filename="vendor/gammamatrix/playground-admin-resource/src/Http/Requests/User/UpdateRequest.php" line-rate="1" branch-rate="0" complexity="9">
          <methods>
            <method name="prepareForValidation" signature="" line-rate="1" branch-rate="0" complexity="5">
              <lines>
                <line number="87" hits="8"/>
                <line number="89" hits="8"/>
                <line number="90" hits="1"/>
                <line number="93" hits="7"/>
                <line number="95" hits="7"/>
                <line number="96" hits="7"/>
                <line number="97" hits="7"/>
                <line number="98" hits="7"/>
                <line number="100" hits="7"/>
                <line number="101" hits="4"/>
                <line number="104" hits="7"/>
                <line number="105" hits="4"/>
                <line number="108" hits="7"/>
                <line number="109" hits="4"/>
              </lines>
            </method>
            <method name="rules" signature="" line-rate="1" branch-rate="0" complexity="4">
              <lines>
                <line number="120" hits="7"/>
                <line number="121" hits="6"/>
                <line number="123" hits="1"/>
                <line number="126" hits="7"/>
              </lines>
            </method>
          </methods>
          <lines>
            <line number="87" hits="8"/>
            <line number="89" hits="8"/>
            <line number="90" hits="1"/>
            <line number="93" hits="7"/>
            <line number="95" hits="7"/>
            <line number="96" hits="7"/>
            <line number="97" hits="7"/>
            <line number="98" hits="7"/>
            <line number="100" hits="7"/>
            <line number="101" hits="4"/>
            <line number="104" hits="7"/>
            <line number="105" hits="4"/>
            <line number="108" hits="7"/>
            <line number="109" hits="4"/>
            <line number="120" hits="7"/>
            <line number="121" hits="6"/>
            <line number="123" hits="1"/>
            <line number="126" hits="7"/>
          </lines>
        </class>
      </classes>
    </package>
    <package name="vendor/gammamatrix/playground-admin-resource/src/Http/Resources/Setting.php" line-rate="1" branch-rate="0" complexity="2">
      <classes>
        <class name="Playground\Admin\Resource\Http\Resources\Setting" filename="vendor/gammamatrix/playground-admin-resource/src/Http/Resources/Setting.php" line-rate="1" branch-rate="0" complexity="2">
          <methods>
            <method name="toArray" signature="Illuminate\Http\Request $request" line-rate="1" branch-rate="0" complexity="1">
[...]
                <line number="66" hits="17"/>
                <line number="67" hits="1"/>
                <line number="68" hits="1"/>
                <line number="70" hits="16"/>
                <line number="71" hits="14"/>
                <line number="72" hits="2"/>
                <line number="74" hits="2"/>
                <line number="75" hits="2"/>
                <line number="76" hits="1"/>
                <line number="81" hits="17"/>
                <line number="82" hits="4"/>
                <line number="95" hits="21"/>
              </lines>
            </method>
          </methods>
          <lines>
            <line number="24" hits="23"/>
            <line number="25" hits="2"/>
            <line number="28" hits="21"/>
            <line number="30" hits="21"/>
            <line number="32" hits="21"/>
            <line number="33" hits="21"/>
            <line number="34" hits="21"/>
            <line number="35" hits="21"/>
            <line number="36" hits="21"/>
            <line number="38" hits="20"/>
            <line number="41" hits="20"/>
            <line number="42" hits="20"/>
            <line number="43" hits="20"/>
            <line number="44" hits="20"/>
            <line number="46" hits="17"/>
            <line number="49" hits="20"/>
            <line number="51" hits="2"/>
            <line number="52" hits="19"/>
            <line number="53" hits="19"/>
            <line number="56" hits="11"/>
            <line number="57" hits="17"/>
            <line number="59" hits="17"/>
            <line number="61" hits="17"/>
            <line number="62" hits="17"/>
            <line number="64" hits="1"/>
            <line number="66" hits="17"/>
            <line number="67" hits="1"/>
            <line number="68" hits="1"/>
            <line number="70" hits="16"/>
            <line number="71" hits="14"/>
            <line number="72" hits="2"/>
            <line number="74" hits="2"/>
            <line number="75" hits="2"/>
            <line number="76" hits="1"/>
            <line number="81" hits="17"/>
            <line number="82" hits="4"/>
            <line number="95" hits="21"/>
          </lines>
        </class>
      </classes>
    </package>
    <package name="vendor/gammamatrix/playground/src/Models/Traits/ScopeFilterTrash.php" line-rate="1" branch-rate="0" complexity="7">
      <classes>
        <class name="Playground\Models\Traits\ScopeFilterTrash" filename="vendor/gammamatrix/playground/src/Models/Traits/ScopeFilterTrash.php" line-rate="1" branch-rate="0" complexity="7">
          <methods>
            <method name="scopeFilterTrash" signature="Illuminate\Database\Eloquent\Builder $query, string $visibility" line-rate="1" branch-rate="0" complexity="7">
              <lines>
                <line number="18" hits="15"/>
                <line number="19" hits="15"/>
                <line number="21" hits="1"/>
                <line number="22" hits="14"/>
                <line number="23" hits="14"/>
                <line number="25" hits="1"/>
                <line number="28" hits="15"/>
              </lines>
            </method>
          </methods>
          <lines>
            <line number="18" hits="15"/>
            <line number="19" hits="15"/>
            <line number="21" hits="1"/>
            <line number="22" hits="14"/>
            <line number="23" hits="14"/>
            <line number="25" hits="1"/>
            <line number="28" hits="15"/>
          </lines>
        </class>
      </classes>
    </package>
    <package name="vendor/gammamatrix/playground/src/Models/Traits/ScopeSort.php" line-rate="1" branch-rate="0" complexity="16">
      <classes>
        <class name="Playground\Models\Traits\ScopeSort" filename="vendor/gammamatrix/playground/src/Models/Traits/ScopeSort.php" line-rate="1" branch-rate="0" complexity="16">
          <methods>
            <method name="scopeSort" signature="Illuminate\Database\Eloquent\Builder $query, mixed $sort" line-rate="1" branch-rate="0" complexity="16">
              <lines>
                <line number="18" hits="35"/>
                <line number="19" hits="25"/>
                <line number="22" hits="10"/>
                <line number="24" hits="10"/>
                <line number="26" hits="10"/>
                <line number="27" hits="2"/>
                <line number="30" hits="10"/>
                <line number="31" hits="10"/>
                <line number="32" hits="10"/>
                <line number="33" hits="10"/>
                <line number="34" hits="2"/>
                <line number="35" hits="2"/>
                <line number="36" hits="8"/>
                <line number="37" hits="2"/>
                <line number="38" hits="2"/>
                <line number="39" hits="6"/>
                <line number="40" hits="4"/>
                <line number="41" hits="4"/>
                <line number="43" hits="2"/>
                <line number="44" hits="2"/>
                <line number="45" hits="2"/>
                <line number="47" hits="2"/>
                <line number="51" hits="10"/>
                <line number="52" hits="10"/>
                <line number="53" hits="10"/>
                <line number="55" hits="10"/>
                <line number="56" hits="10"/>
                <line number="61" hits="10"/>
              </lines>
            </method>
          </methods>
          <lines>
            <line number="18" hits="35"/>
            <line number="19" hits="25"/>
            <line number="22" hits="10"/>
            <line number="24" hits="10"/>
            <line number="26" hits="10"/>
            <line number="27" hits="2"/>
            <line number="30" hits="10"/>
            <line number="31" hits="10"/>
            <line number="32" hits="10"/>
            <line number="33" hits="10"/>
            <line number="34" hits="2"/>
            <line number="35" hits="2"/>
            <line number="36" hits="8"/>
            <line number="37" hits="2"/>
            <line number="38" hits="2"/>
            <line number="39" hits="6"/>
            <line number="40" hits="4"/>
            <line number="41" hits="4"/>
            <line number="43" hits="2"/>
            <line number="44" hits="2"/>
            <line number="45" hits="2"/>
            <line number="47" hits="2"/>
            <line number="51" hits="10"/>
            <line number="52" hits="10"/>
            <line number="53" hits="10"/>
            <line number="55" hits="10"/>
            <line number="56" hits="10"/>
            <line number="61" hits="10"/>
          </lines>
        </class>
      </classes>
    </package>
    <package name="vendor/gammamatrix/playground/src/Models/Traits/WithChildren.php" line-rate="1" branch-rate="0" complexity="1">
      <classes>
        <class name="Playground\Models\Traits\WithChildren" filename="vendor/gammamatrix/playground/src/Models/Traits/WithChildren.php" line-rate="1" branch-rate="0" complexity="1">
          <methods>
            <method name="children" signature="" line-rate="1" branch-rate="0" complexity="1">
              <lines>
                <line number="19" hits="1"/>
                <line number="20" hits="1"/>
                <line number="21" hits="1"/>
                <line number="22" hits="1"/>
                <line number="23" hits="1"/>
              </lines>
            </method>
          </methods>
          <lines>
            <line number="19" hits="1"/>
            <line number="20" hits="1"/>
            <line number="21" hits="1"/>
            <line number="22" hits="1"/>
            <line number="23" hits="1"/>
          </lines>
        </class>
      </classes>
    </package>
    <package name="vendor/gammamatrix/playground/src/Models/Traits/WithCreator.php" line-rate="1" branch-rate="0" complexity="1">
      <classes>
        <class name="Playground\Models\Traits\WithCreator" filename="vendor/gammamatrix/playground/src/Models/Traits/WithCreator.php" line-rate="1" branch-rate="0" complexity="1">
          <methods>
            <method name="creator" signature="" line-rate="1" branch-rate="0" complexity="1">
              <lines>
                <line number="22" hits="12"/>
                <line number="24" hits="12"/>
              </lines>
            </method>
          </methods>
          <lines>
            <line number="22" hits="12"/>
            <line number="24" hits="12"/>
          </lines>
        </class>
      </classes>
    </package>
    <package name="vendor/gammamatrix/playground/src/Models/Traits/WithModifier.php" line-rate="1" branch-rate="0" complexity="1">
      <classes>
        <class name="Playground\Models\Traits\WithModifier" filename="vendor/gammamatrix/playground/src/Models/Traits/WithModifier.php" line-rate="1" branch-rate="0" complexity="1">
          <methods>
            <method name="modifier" signature="" line-rate="1" branch-rate="0" complexity="1">
              <lines>
                <line number="22" hits="12"/>
                <line number="24" hits="12"/>
              </lines>
            </method>
          </methods>
          <lines>
            <line number="22" hits="12"/>
            <line number="24" hits="12"/>
          </lines>
        </class>
      </classes>
    </package>
    <package name="vendor/gammamatrix/playground/src/Models/Traits/WithOwner.php" line-rate="1" branch-rate="0" complexity="1">
      <classes>
        <class name="Playground\Models\Traits\WithOwner" filename="vendor/gammamatrix/playground/src/Models/Traits/WithOwner.php" line-rate="1" branch-rate="0" complexity="1">
          <methods>
            <method name="owner" signature="" line-rate="1" branch-rate="0" complexity="1">
              <lines>
                <line number="22" hits="11"/>
                <line number="24" hits="11"/>
              </lines>
            </method>
          </methods>
          <lines>
            <line number="22" hits="11"/>
            <line number="24" hits="11"/>
          </lines>
        </class>
      </classes>
    </package>
    <package name="vendor/gammamatrix/playground/src/Models/Traits/WithParent.php" line-rate="1" branch-rate="0" complexity="1">
      <classes>
        <class name="Playground\Models\Traits\WithParent" filename="vendor/gammamatrix/playground/src/Models/Traits/WithParent.php" line-rate="1" branch-rate="0" complexity="1">
          <methods>
            <method name="parent" signature="" line-rate="1" branch-rate="0" complexity="1">
              <lines>
                <line number="19" hits="10"/>
                <line number="20" hits="10"/>
                <line number="21" hits="10"/>
                <line number="22" hits="10"/>
                <line number="23" hits="10"/>
              </lines>
            </method>
          </methods>
          <lines>
            <line number="19" hits="10"/>
            <line number="20" hits="10"/>
            <line number="21" hits="10"/>
            <line number="22" hits="10"/>
            <line number="23" hits="10"/>
          </lines>
        </class>
      </classes>
    </package>
    <package name="vendor/gammamatrix/playground/src/Models/User.php" line-rate="0" branch-rate="0" complexity="0">
      <classes>
        <class name="Playground\Models\User" filename="vendor/gammamatrix/playground/src/Models/User.php" line-rate="0" branch-rate="0" complexity="0">
          <methods/>
          <lines/>
        </class>
      </classes>
    </package>
    <package name="vendor/gammamatrix/playground/src/Models/UuidModel.php" line-rate="0" branch-rate="0" complexity="0">
      <classes>
        <class name="Playground\Models\UuidModel" filename="vendor/gammamatrix/playground/src/Models/UuidModel.php" line-rate="0" branch-rate="0" complexity="0">
          <methods/>
          <lines/>
        </class>
      </classes>
    </package>
    <package name="vendor/gammamatrix/playground/src/ServiceProvider.php" line-rate="1" branch-rate="0" complexity="37">
      <classes>
        <class name="Playground\ServiceProvider" filename="vendor/gammamatrix/playground/src/ServiceProvider.php" line-rate="1" branch-rate="0" complexity="37">
          <methods>
            <method name="boot" signature="" line-rate="1" branch-rate="0" complexity="4">
              <lines>
                <line number="24" hits="625"/>
                <line number="26" hits="625"/>
                <line number="28" hits="2"/>
                <line number="30" hits="2"/>
                <line number="31" hits="2"/>
                <line number="32" hits="2"/>
                <line number="37" hits="625"/>
              </lines>
            </method>
            <method name="about" signature="array $config" line-rate="1" branch-rate="0" complexity="23">
              <lines>
                <line number="45" hits="625"/>
                <line number="47" hits="625"/>
                <line number="52" hits="625"/>
                <line number="54" hits="625"/>
                <line number="55" hits="625"/>
                <line number="56" hits="625"/>
                <line number="58" hits="625"/>
                <line number="59" hits="625"/>
                <line number="60" hits="625"/>
                <line number="61" hits="625"/>
                <line number="62" hits="625"/>
                <line number="64" hits="625"/>
                <line number="65" hits="625"/>
                <line number="67" hits="625"/>
                <line number="68" hits="625"/>
                <line number="70" hits="625"/>
                <line number="71" hits="625"/>
                <line number="73" hits="625"/>
                <line number="74" hits="625"/>
                <line number="76" hits="625"/>
                <line number="77" hits="625"/>
                <line number="79" hits="625"/>
                <line number="80" hits="625"/>
                <line number="82" hits="625"/>
                <line number="83" hits="625"/>
                <line number="85" hits="625"/>
                <line number="86" hits="625"/>
                <line number="87" hits="625"/>
                <line number="88" hits="625"/>
              </lines>
            </method>
            <method name="userPrimaryKeyType" signature="string $auth_providers_users_model" line-rate="1" branch-rate="0" complexity="4">
              <lines>
                <line number="97" hits="5"/>
                <line number="98" hits="1"/>
                <line number="101" hits="4"/>
                <line number="102" hits="1"/>
                <line number="103" hits="1"/>
                <line number="105" hits="1"/>
              </lines>
            </method>
            <method name="userPrimaryKeyTypeParse" signature="string $auth_providers_users_model" line-rate="1" branch-rate="0" complexity="4">
              <lines>
                <line number="152" hits="4"/>
                <line number="156" hits="4"/>
                <line number="158" hits="4"/>
                <line number="160" hits="4"/>
                <line number="161" hits="4"/>
                <line number="163" hits="4"/>
                <line number="164" hits="4"/>
                <line number="166" hits="4"/>
                <line number="168" hits="4"/>
                <line number="169" hits="4"/>
                <line number="171" hits="4"/>
                <line number="172" hits="4"/>
                <line number="174" hits="4"/>
                <line number="176" hits="4"/>
                <line number="177" hits="4"/>
                <line number="179" hits="4"/>
                <line number="180" hits="4"/>
                <line number="182" hits="4"/>
                <line number="183" hits="4"/>
                <line number="185" hits="4"/>
                <line number="186" hits="4"/>
                <line number="188" hits="4"/>
                <line number="189" hits="4"/>
                <line number="191" hits="1"/>
                <line number="192" hits="3"/>
                <line number="193" hits="2"/>
                <line number="196" hits="3"/>
              </lines>
            </method>
            <method name="register" signature="" line-rate="1" branch-rate="0" complexity="1">
              <lines>
                <line number="201" hits="625"/>
                <line number="202" hits="625"/>
                <line number="203" hits="625"/>
                <line number="204" hits="625"/>
              </lines>
            </method>
            <method name="version" signature="" line-rate="1" branch-rate="0" complexity="1">
              <lines>
                <line number="209" hits="625"/>
              </lines>
            </method>
          </methods>
          <lines>
            <line number="24" hits="625"/>
            <line number="26" hits="625"/>
            <line number="28" hits="2"/>
            <line number="30" hits="2"/>
            <line number="31" hits="2"/>
            <line number="32" hits="2"/>
            <line number="37" hits="625"/>
            <line number="45" hits="625"/>
            <line number="47" hits="625"/>
            <line number="52" hits="625"/>
            <line number="54" hits="625"/>
            <line number="55" hits="625"/>
            <line number="56" hits="625"/>
            <line number="58" hits="625"/>
            <line number="59" hits="625"/>
            <line number="60" hits="625"/>
            <line number="61" hits="625"/>
            <line number="62" hits="625"/>
            <line number="64" hits="625"/>
            <line number="65" hits="625"/>
            <line number="67" hits="625"/>
            <line number="68" hits="625"/>
            <line number="70" hits="625"/>
            <line number="71" hits="625"/>
            <line number="73" hits="625"/>
            <line number="74" hits="625"/>
            <line number="76" hits="625"/>
            <line number="77" hits="625"/>
            <line number="79" hits="625"/>
            <line number="80" hits="625"/>
            <line number="82" hits="625"/>
            <line number="83" hits="625"/>
            <line number="85" hits="625"/>
            <line number="86" hits="625"/>
            <line number="87" hits="625"/>
            <line number="88" hits="625"/>
            <line number="97" hits="5"/>
            <line number="98" hits="1"/>
            <line number="101" hits="4"/>
            <line number="102" hits="1"/>
            <line number="103" hits="1"/>
            <line number="105" hits="1"/>
            <line number="152" hits="4"/>
            <line number="156" hits="4"/>
            <line number="158" hits="4"/>
            <line number="160" hits="4"/>
            <line number="161" hits="4"/>
            <line number="163" hits="4"/>
            <line number="164" hits="4"/>
            <line number="166" hits="4"/>
            <line number="168" hits="4"/>
            <line number="169" hits="4"/>
            <line number="171" hits="4"/>
            <line number="172" hits="4"/>
            <line number="174" hits="4"/>
            <line number="176" hits="4"/>
            <line number="177" hits="4"/>
            <line number="179" hits="4"/>
            <line number="180" hits="4"/>
            <line number="182" hits="4"/>
            <line number="183" hits="4"/>
            <line number="185" hits="4"/>
            <line number="186" hits="4"/>
            <line number="188" hits="4"/>
            <line number="189" hits="4"/>
            <line number="191" hits="1"/>
            <line number="192" hits="3"/>
            <line number="193" hits="2"/>
            <line number="196" hits="3"/>
            <line number="201" hits="625"/>
            <line number="202" hits="625"/>
            <line number="203" hits="625"/>
            <line number="204" hits="625"/>
            <line number="209" hits="625"/>
          </lines>
        </class>
      </classes>
    </package>
  </packages>
</coverage>
